--------------- Build Started: 12/01/2022 18:32:00 Project: Dashboard, Configuration: ARM GCC 5.4-2016-q2-update Debug ---------------
cydsfit.exe -.appdatapath "C:\Users\leoja\AppData\Local\Cypress Semiconductor\PSoC Creator\4.4" -.fdsnotice -.fdswarpdepfile=warp_dependencies.txt -.fdselabdepfile=elab_dependencies.txt -.fdsbldfile=generated_files.txt -.fdsreffile=referenced_files.txt -p D:\Users\leoja\Documents\GitHub\Dashboard-Firmware-FE9-CURSED\Dashboard-Firmware-FE9\Dashboard.cydsn\Dashboard.cyprj -d CY8C4247AZI-M485 -s D:\Users\leoja\Documents\GitHub\Dashboard-Firmware-FE9-CURSED\Dashboard-Firmware-FE9\Dashboard.cydsn\Generated_Source\PSoC4 -- -yv2 -q10 -ygs -o2 -v3 -.fftcfgtype=LE
Elaborating Design...
ADD: sdb.M0060: warning: Warning in component: CAN_0. The SYSCLK clock accuracy should be 0.5% or better. Please, enable WCO PLL in the Design-Wide Resource (*.cydwr) editor or use an external clock to meet the CAN accurate clocking requirements.
 * D:\Users\leoja\Documents\GitHub\Dashboard-Firmware-FE9-CURSED\Dashboard-Firmware-FE9\Dashboard.cydsn\TopDesign\TopDesign.cysch (Instance:CAN_0)
ADD: sdb.M0060: warning: Warning in component: CAN_1. The SYSCLK clock accuracy should be 0.5% or better. Please, enable WCO PLL in the Design-Wide Resource (*.cydwr) editor or use an external clock to meet the CAN accurate clocking requirements.
 * D:\Users\leoja\Documents\GitHub\Dashboard-Firmware-FE9-CURSED\Dashboard-Firmware-FE9\Dashboard.cydsn\TopDesign\TopDesign.cysch (Instance:CAN_1)
HDL Generation...
Synthesis...
Tech Mapping...
Info: plm.M0038: The pin named D_LSB(7) at location P1[7] prevents usage of special purposes: SARADC[0].ext_vref. (App=cydsfit)
Analog Placement...
Analog Routing...
Analog Code Generation...
Digital Placement...
Digital Routing...
Bitstream Generation...
Bitstream Verification...
Static timing analysis...
API Generation...
Dependency Generation...
Cleanup...
arm-none-eabi-gcc.exe -mcpu=cortex-m0 -mthumb -I. -IGenerated_Source\PSoC4 -Wa,-alh=.\CortexM0\ARM_GCC_541\Debug/cyfitter_cfg.lst -g -D DEBUG -D CY_CORE_ID=0 -Wall -ffunction-sections -ffat-lto-objects -Og -c Generated_Source\PSoC4\cyfitter_cfg.c -o .\CortexM0\ARM_GCC_541\Debug\cyfitter_cfg.o
arm-none-eabi-ar.exe -rs .\CortexM0\ARM_GCC_541\Debug\Dashboard.a .\CortexM0\ARM_GCC_541\Debug\RGB1_1.o .\CortexM0\ARM_GCC_541\Debug\RGB1_1_PM.o .\CortexM0\ARM_GCC_541\Debug\RGB2_1.o .\CortexM0\ARM_GCC_541\Debug\RGB2_1_PM.o .\CortexM0\ARM_GCC_541\Debug\RGB3_1.o .\CortexM0\ARM_GCC_541\Debug\RGB3_1_PM.o .\CortexM0\ARM_GCC_541\Debug\HV_Request.o .\CortexM0\ARM_GCC_541\Debug\HV_Request_PM.o .\CortexM0\ARM_GCC_541\Debug\Drive_Request.o .\CortexM0\ARM_GCC_541\Debug\Drive_Request_PM.o .\CortexM0\ARM_GCC_541\Debug\TX_CAN0.o .\CortexM0\ARM_GCC_541\Debug\TX_CAN0_PM.o .\CortexM0\ARM_GCC_541\Debug\RX_CAN0.o .\CortexM0\ARM_GCC_541\Debug\RX_CAN0_PM.o .\CortexM0\ARM_GCC_541\Debug\CAN_0.o .\CortexM0\ARM_GCC_541\Debug\CAN_0_INT.o .\CortexM0\ARM_GCC_541\Debug\CAN_0_PM.o .\CortexM0\ARM_GCC_541\Debug\CAN_0_TX_RX_func.o .\CortexM0\ARM_GCC_541\Debug\RX_CAN1.o .\CortexM0\ARM_GCC_541\Debug\RX_CAN1_PM.o .\CortexM0\ARM_GCC_541\Debug\TX_CAN1.o .\CortexM0\ARM_GCC_541\Debug\TX_CAN1_PM.o .\CortexM0\ARM_GCC_541\Debug\CAN_1.o .\CortexM0\ARM_GCC_541\Debug\CAN_1_INT.o .\CortexM0\ARM_GCC_541\Debug\CAN_1_PM.o .\CortexM0\ARM_GCC_541\Debug\CAN_1_TX_RX_func.o .\CortexM0\ARM_GCC_541\Debug\DISP.o .\CortexM0\ARM_GCC_541\Debug\DISP_PM.o .\CortexM0\ARM_GCC_541\Debug\CAN_0_isr.o .\CortexM0\ARM_GCC_541\Debug\CAN_0_HFCLK.o .\CortexM0\ARM_GCC_541\Debug\CAN_1_isr.o .\CortexM0\ARM_GCC_541\Debug\CAN_1_HFCLK.o .\CortexM0\ARM_GCC_541\Debug\CyFlash.o .\CortexM0\ARM_GCC_541\Debug\CyLib.o .\CortexM0\ARM_GCC_541\Debug\cyPm.o .\CortexM0\ARM_GCC_541\Debug\cyutils.o .\CortexM0\ARM_GCC_541\Debug\CyDMA.o .\CortexM0\ARM_GCC_541\Debug\CyLFClk.o .\CortexM0\ARM_GCC_541\Debug\cy_em_eeprom.o .\CortexM0\ARM_GCC_541\Debug\ADC_SAR_Seq_1.o .\CortexM0\ARM_GCC_541\Debug\ADC_SAR_Seq_1_PM.o .\CortexM0\ARM_GCC_541\Debug\ADC_SAR_Seq_1_INT.o .\CortexM0\ARM_GCC_541\Debug\Analog_1.o .\CortexM0\ARM_GCC_541\Debug\Analog_1_PM.o .\CortexM0\ARM_GCC_541\Debug\BUZZER.o .\CortexM0\ARM_GCC_541\Debug\BUZZER_PM.o .\CortexM0\ARM_GCC_541\Debug\PWM_1.o .\CortexM0\ARM_GCC_541\Debug\PWM_1_PM.o .\CortexM0\ARM_GCC_541\Debug\Clock_2.o .\CortexM0\ARM_GCC_541\Debug\Analog_2.o .\CortexM0\ARM_GCC_541\Debug\Analog_2_PM.o .\CortexM0\ARM_GCC_541\Debug\ADC_SAR_Seq_1_IRQ.o .\CortexM0\ARM_GCC_541\Debug\ADC_SAR_Seq_1_intClock.o .\CortexM0\ARM_GCC_541\Debug\Digital1.o .\CortexM0\ARM_GCC_541\Debug\Digital1_PM.o .\CortexM0\ARM_GCC_541\Debug\Digital2.o .\CortexM0\ARM_GCC_541\Debug\Digital2_PM.o .\CortexM0\ARM_GCC_541\Debug\Digital3.o .\CortexM0\ARM_GCC_541\Debug\Digital3_PM.o .\CortexM0\ARM_GCC_541\Debug\Digital4.o .\CortexM0\ARM_GCC_541\Debug\Digital4_PM.o .\CortexM0\ARM_GCC_541\Debug\D_RST.o .\CortexM0\ARM_GCC_541\Debug\D_RST_PM.o .\CortexM0\ARM_GCC_541\Debug\D_BL.o .\CortexM0\ARM_GCC_541\Debug\D_BL_PM.o .\CortexM0\ARM_GCC_541\Debug\GraphicLCDIntf.o .\CortexM0\ARM_GCC_541\Debug\GraphicLCDIntf_PM.o .\CortexM0\ARM_GCC_541\Debug\CyBootAsmGnu.o
arm-none-eabi-ar.exe: creating .\CortexM0\ARM_GCC_541\Debug\Dashboard.a
arm-none-eabi-gcc.exe -Wl,--start-group -o D:\Users\leoja\Documents\GitHub\Dashboard-Firmware-FE9-CURSED\Dashboard-Firmware-FE9\Dashboard.cydsn\CortexM0\ARM_GCC_541\Debug\Dashboard.elf .\CortexM0\ARM_GCC_541\Debug\ugui.o .\CortexM0\ARM_GCC_541\Debug\ugui_SSD1963.o .\CortexM0\ARM_GCC_541\Debug\frucd_display.o .\CortexM0\ARM_GCC_541\Debug\main.o .\CortexM0\ARM_GCC_541\Debug\cyfitter_cfg.o .\CortexM0\ARM_GCC_541\Debug\cymetadata.o .\CortexM0\ARM_GCC_541\Debug\Cm0Start.o .\CortexM0\ARM_GCC_541\Debug\Dashboard.a -mcpu=cortex-m0 -mthumb -L Generated_Source\PSoC4 -Wl,-Map,.\CortexM0\ARM_GCC_541\Debug/Dashboard.map -T Generated_Source\PSoC4\cm0gcc.ld -specs=nano.specs -Wl,--gc-sections -g -ffunction-sections -Og -ffat-lto-objects -Wl,--end-group
cyelftool.exe -C D:\Users\leoja\Documents\GitHub\Dashboard-Firmware-FE9-CURSED\Dashboard-Firmware-FE9\Dashboard.cydsn\CortexM0\ARM_GCC_541\Debug\Dashboard.elf --flash_row_size 128 --flash_size 131072 --flash_offset 0x00000000
No ELF section .cychecksum found, creating one
Application checksum calculated and stored in ELF section .cychecksum
Checksum calculated and stored in ELF section .cymeta
cyelftool.exe -S D:\Users\leoja\Documents\GitHub\Dashboard-Firmware-FE9-CURSED\Dashboard-Firmware-FE9\Dashboard.cydsn\CortexM0\ARM_GCC_541\Debug\Dashboard.elf
Flash used: 126542 of 131072 bytes (96.5%).
SRAM used: 2792 of 16384 bytes (17.0%). Stack: 2048 bytes. Heap: 128 bytes.
--------------- Build Succeeded: 12/01/2022 18:32:13 ---------------
