ARM GAS  C:\Users\Melody\AppData\Local\Temp\ccPzJjeg.s 			page 1


   1              		.syntax unified
   2              		.cpu cortex-m0
   3              		.fpu softvfp
   4              		.eabi_attribute 20, 1
   5              		.eabi_attribute 21, 1
   6              		.eabi_attribute 23, 3
   7              		.eabi_attribute 24, 1
   8              		.eabi_attribute 25, 1
   9              		.eabi_attribute 26, 1
  10              		.eabi_attribute 30, 1
  11              		.eabi_attribute 34, 0
  12              		.eabi_attribute 18, 4
  13              		.thumb
  14              		.syntax unified
  15              		.file	"cyfitter_cfg.c"
  16              		.text
  17              	.Ltext0:
  18              		.cfi_sections	.debug_frame
  19              		.section	.text.AnalogSetDefault,"ax",%progbits
  20              		.align	2
  21              		.code	16
  22              		.thumb_func
  23              		.type	AnalogSetDefault, %function
  24              	AnalogSetDefault:
  25              	.LFB5:
  26              		.file 1 "Generated_Source\\PSoC4\\cyfitter_cfg.c"
   1:Generated_Source\PSoC4/cyfitter_cfg.c **** 
   2:Generated_Source\PSoC4/cyfitter_cfg.c **** /*******************************************************************************
   3:Generated_Source\PSoC4/cyfitter_cfg.c **** * File Name: cyfitter_cfg.c
   4:Generated_Source\PSoC4/cyfitter_cfg.c **** * 
   5:Generated_Source\PSoC4/cyfitter_cfg.c **** * PSoC Creator  4.4
   6:Generated_Source\PSoC4/cyfitter_cfg.c **** *
   7:Generated_Source\PSoC4/cyfitter_cfg.c **** * Description:
   8:Generated_Source\PSoC4/cyfitter_cfg.c **** * This file contains device initialization code.
   9:Generated_Source\PSoC4/cyfitter_cfg.c **** * Except for the user defined sections in CyClockStartupError(), this file should not be modified.
  10:Generated_Source\PSoC4/cyfitter_cfg.c **** * This file is automatically generated by PSoC Creator.
  11:Generated_Source\PSoC4/cyfitter_cfg.c **** *
  12:Generated_Source\PSoC4/cyfitter_cfg.c **** ********************************************************************************
  13:Generated_Source\PSoC4/cyfitter_cfg.c **** * Copyright (c) 2007-2020 Cypress Semiconductor.  All rights reserved.
  14:Generated_Source\PSoC4/cyfitter_cfg.c **** * You may use this file only in accordance with the license, terms, conditions, 
  15:Generated_Source\PSoC4/cyfitter_cfg.c **** * disclaimers, and limitations in the end user license agreement accompanying 
  16:Generated_Source\PSoC4/cyfitter_cfg.c **** * the software package with which this file was provided.
  17:Generated_Source\PSoC4/cyfitter_cfg.c **** ********************************************************************************/
  18:Generated_Source\PSoC4/cyfitter_cfg.c **** 
  19:Generated_Source\PSoC4/cyfitter_cfg.c **** #include <string.h>
  20:Generated_Source\PSoC4/cyfitter_cfg.c **** #include "cytypes.h"
  21:Generated_Source\PSoC4/cyfitter_cfg.c **** #include "cydevice_trm.h"
  22:Generated_Source\PSoC4/cyfitter_cfg.c **** #include "cyfitter.h"
  23:Generated_Source\PSoC4/cyfitter_cfg.c **** #include "CyLib.h"
  24:Generated_Source\PSoC4/cyfitter_cfg.c **** #include "CyLFClk.h"
  25:Generated_Source\PSoC4/cyfitter_cfg.c **** #include "cyfitter_cfg.h"
  26:Generated_Source\PSoC4/cyfitter_cfg.c **** #include "cyapicallbacks.h"
  27:Generated_Source\PSoC4/cyfitter_cfg.c **** 
  28:Generated_Source\PSoC4/cyfitter_cfg.c **** 
  29:Generated_Source\PSoC4/cyfitter_cfg.c **** #if defined(__GNUC__) || defined(__ARMCC_VERSION)
  30:Generated_Source\PSoC4/cyfitter_cfg.c ****     #define CYPACKED 
  31:Generated_Source\PSoC4/cyfitter_cfg.c ****     #define CYPACKED_ATTR __attribute__ ((packed))
ARM GAS  C:\Users\Melody\AppData\Local\Temp\ccPzJjeg.s 			page 2


  32:Generated_Source\PSoC4/cyfitter_cfg.c ****     #define CYALIGNED __attribute__ ((aligned))
  33:Generated_Source\PSoC4/cyfitter_cfg.c ****     #define CY_CFG_UNUSED __attribute__ ((unused))
  34:Generated_Source\PSoC4/cyfitter_cfg.c ****     #ifndef CY_CFG_SECTION
  35:Generated_Source\PSoC4/cyfitter_cfg.c ****         #define CY_CFG_SECTION __attribute__ ((section(".psocinit")))
  36:Generated_Source\PSoC4/cyfitter_cfg.c ****     #endif
  37:Generated_Source\PSoC4/cyfitter_cfg.c ****     
  38:Generated_Source\PSoC4/cyfitter_cfg.c ****     #if defined(__ARMCC_VERSION)
  39:Generated_Source\PSoC4/cyfitter_cfg.c ****         #define CY_CFG_MEMORY_BARRIER() __memory_changed()
  40:Generated_Source\PSoC4/cyfitter_cfg.c ****     #else
  41:Generated_Source\PSoC4/cyfitter_cfg.c ****         #define CY_CFG_MEMORY_BARRIER() __sync_synchronize()
  42:Generated_Source\PSoC4/cyfitter_cfg.c ****     #endif
  43:Generated_Source\PSoC4/cyfitter_cfg.c ****     
  44:Generated_Source\PSoC4/cyfitter_cfg.c **** #elif defined(__ICCARM__)
  45:Generated_Source\PSoC4/cyfitter_cfg.c ****     #include <intrinsics.h>
  46:Generated_Source\PSoC4/cyfitter_cfg.c **** 
  47:Generated_Source\PSoC4/cyfitter_cfg.c ****     #define CYPACKED __packed
  48:Generated_Source\PSoC4/cyfitter_cfg.c ****     #define CYPACKED_ATTR 
  49:Generated_Source\PSoC4/cyfitter_cfg.c ****     #define CYALIGNED _Pragma("data_alignment=4")
  50:Generated_Source\PSoC4/cyfitter_cfg.c ****     #define CY_CFG_UNUSED _Pragma("diag_suppress=Pe177")
  51:Generated_Source\PSoC4/cyfitter_cfg.c ****     #define CY_CFG_SECTION _Pragma("location=\".psocinit\"")
  52:Generated_Source\PSoC4/cyfitter_cfg.c ****     
  53:Generated_Source\PSoC4/cyfitter_cfg.c ****     #define CY_CFG_MEMORY_BARRIER() __DMB()
  54:Generated_Source\PSoC4/cyfitter_cfg.c ****     
  55:Generated_Source\PSoC4/cyfitter_cfg.c **** #else
  56:Generated_Source\PSoC4/cyfitter_cfg.c ****     #error Unsupported toolchain
  57:Generated_Source\PSoC4/cyfitter_cfg.c **** #endif
  58:Generated_Source\PSoC4/cyfitter_cfg.c **** 
  59:Generated_Source\PSoC4/cyfitter_cfg.c **** #ifndef CYCODE
  60:Generated_Source\PSoC4/cyfitter_cfg.c ****     #define CYCODE
  61:Generated_Source\PSoC4/cyfitter_cfg.c **** #endif
  62:Generated_Source\PSoC4/cyfitter_cfg.c **** #ifndef CYDATA
  63:Generated_Source\PSoC4/cyfitter_cfg.c ****     #define CYDATA
  64:Generated_Source\PSoC4/cyfitter_cfg.c **** #endif
  65:Generated_Source\PSoC4/cyfitter_cfg.c **** #ifndef CYFAR
  66:Generated_Source\PSoC4/cyfitter_cfg.c ****     #define CYFAR
  67:Generated_Source\PSoC4/cyfitter_cfg.c **** #endif
  68:Generated_Source\PSoC4/cyfitter_cfg.c **** #ifndef CYXDATA
  69:Generated_Source\PSoC4/cyfitter_cfg.c ****     #define CYXDATA
  70:Generated_Source\PSoC4/cyfitter_cfg.c **** #endif
  71:Generated_Source\PSoC4/cyfitter_cfg.c **** 
  72:Generated_Source\PSoC4/cyfitter_cfg.c **** 
  73:Generated_Source\PSoC4/cyfitter_cfg.c **** CY_CFG_UNUSED
  74:Generated_Source\PSoC4/cyfitter_cfg.c **** static void CYMEMZERO(void *s, size_t n);
  75:Generated_Source\PSoC4/cyfitter_cfg.c **** CY_CFG_UNUSED
  76:Generated_Source\PSoC4/cyfitter_cfg.c **** static void CYMEMZERO(void *s, size_t n)
  77:Generated_Source\PSoC4/cyfitter_cfg.c **** {
  78:Generated_Source\PSoC4/cyfitter_cfg.c **** 	(void)memset(s, 0, n);
  79:Generated_Source\PSoC4/cyfitter_cfg.c **** }
  80:Generated_Source\PSoC4/cyfitter_cfg.c **** CY_CFG_UNUSED
  81:Generated_Source\PSoC4/cyfitter_cfg.c **** static void CYCONFIGCPY(void *dest, const void *src, size_t n);
  82:Generated_Source\PSoC4/cyfitter_cfg.c **** CY_CFG_UNUSED
  83:Generated_Source\PSoC4/cyfitter_cfg.c **** static void CYCONFIGCPY(void *dest, const void *src, size_t n)
  84:Generated_Source\PSoC4/cyfitter_cfg.c **** {
  85:Generated_Source\PSoC4/cyfitter_cfg.c **** 	(void)memcpy(dest, src, n);
  86:Generated_Source\PSoC4/cyfitter_cfg.c **** }
  87:Generated_Source\PSoC4/cyfitter_cfg.c **** CY_CFG_UNUSED
  88:Generated_Source\PSoC4/cyfitter_cfg.c **** static void CYCONFIGCPYCODE(void *dest, const void *src, size_t n);
ARM GAS  C:\Users\Melody\AppData\Local\Temp\ccPzJjeg.s 			page 3


  89:Generated_Source\PSoC4/cyfitter_cfg.c **** CY_CFG_UNUSED
  90:Generated_Source\PSoC4/cyfitter_cfg.c **** static void CYCONFIGCPYCODE(void *dest, const void *src, size_t n)
  91:Generated_Source\PSoC4/cyfitter_cfg.c **** {
  92:Generated_Source\PSoC4/cyfitter_cfg.c **** 	(void)memcpy(dest, src, n);
  93:Generated_Source\PSoC4/cyfitter_cfg.c **** }
  94:Generated_Source\PSoC4/cyfitter_cfg.c **** 
  95:Generated_Source\PSoC4/cyfitter_cfg.c **** 
  96:Generated_Source\PSoC4/cyfitter_cfg.c **** 
  97:Generated_Source\PSoC4/cyfitter_cfg.c **** 
  98:Generated_Source\PSoC4/cyfitter_cfg.c **** /* Clock startup error codes                                                   */
  99:Generated_Source\PSoC4/cyfitter_cfg.c **** #define CYCLOCKSTART_NO_ERROR    0u
 100:Generated_Source\PSoC4/cyfitter_cfg.c **** #define CYCLOCKSTART_XTAL_ERROR  1u
 101:Generated_Source\PSoC4/cyfitter_cfg.c **** #define CYCLOCKSTART_32KHZ_ERROR 2u
 102:Generated_Source\PSoC4/cyfitter_cfg.c **** #define CYCLOCKSTART_PLL_ERROR   3u
 103:Generated_Source\PSoC4/cyfitter_cfg.c **** #define CYCLOCKSTART_FLL_ERROR   4u
 104:Generated_Source\PSoC4/cyfitter_cfg.c **** #define CYCLOCKSTART_WCO_ERROR   5u
 105:Generated_Source\PSoC4/cyfitter_cfg.c **** 
 106:Generated_Source\PSoC4/cyfitter_cfg.c **** 
 107:Generated_Source\PSoC4/cyfitter_cfg.c **** #ifdef CY_NEED_CYCLOCKSTARTUPERROR
 108:Generated_Source\PSoC4/cyfitter_cfg.c **** /*******************************************************************************
 109:Generated_Source\PSoC4/cyfitter_cfg.c **** * Function Name: CyClockStartupError
 110:Generated_Source\PSoC4/cyfitter_cfg.c **** ********************************************************************************
 111:Generated_Source\PSoC4/cyfitter_cfg.c **** * Summary:
 112:Generated_Source\PSoC4/cyfitter_cfg.c **** *  If an error is encountered during clock configuration (crystal startup error,
 113:Generated_Source\PSoC4/cyfitter_cfg.c **** *  PLL lock error, etc.), the system will end up here.  Unless reimplemented by
 114:Generated_Source\PSoC4/cyfitter_cfg.c **** *  the customer, this function will stop in an infinite loop.
 115:Generated_Source\PSoC4/cyfitter_cfg.c **** *
 116:Generated_Source\PSoC4/cyfitter_cfg.c **** * Parameters:
 117:Generated_Source\PSoC4/cyfitter_cfg.c **** *   void
 118:Generated_Source\PSoC4/cyfitter_cfg.c **** *
 119:Generated_Source\PSoC4/cyfitter_cfg.c **** * Return:
 120:Generated_Source\PSoC4/cyfitter_cfg.c **** *   void
 121:Generated_Source\PSoC4/cyfitter_cfg.c **** *
 122:Generated_Source\PSoC4/cyfitter_cfg.c **** *******************************************************************************/
 123:Generated_Source\PSoC4/cyfitter_cfg.c **** CY_CFG_UNUSED
 124:Generated_Source\PSoC4/cyfitter_cfg.c **** static void CyClockStartupError(uint8 errorCode);
 125:Generated_Source\PSoC4/cyfitter_cfg.c **** CY_CFG_UNUSED
 126:Generated_Source\PSoC4/cyfitter_cfg.c **** static void CyClockStartupError(uint8 errorCode)
 127:Generated_Source\PSoC4/cyfitter_cfg.c **** {
 128:Generated_Source\PSoC4/cyfitter_cfg.c ****     /* To remove the compiler warning if errorCode not used.                */
 129:Generated_Source\PSoC4/cyfitter_cfg.c ****     errorCode = errorCode;
 130:Generated_Source\PSoC4/cyfitter_cfg.c **** 
 131:Generated_Source\PSoC4/cyfitter_cfg.c ****     /* If we have a clock startup error (bad MHz crystal, PLL lock, etc.),  */
 132:Generated_Source\PSoC4/cyfitter_cfg.c ****     /* we will end up here to allow the customer to implement something to  */
 133:Generated_Source\PSoC4/cyfitter_cfg.c ****     /* deal with the clock condition.                                       */
 134:Generated_Source\PSoC4/cyfitter_cfg.c **** 
 135:Generated_Source\PSoC4/cyfitter_cfg.c **** #ifdef CY_CFG_CLOCK_STARTUP_ERROR_CALLBACK
 136:Generated_Source\PSoC4/cyfitter_cfg.c ****     CY_CFG_Clock_Startup_ErrorCallback();
 137:Generated_Source\PSoC4/cyfitter_cfg.c **** #else
 138:Generated_Source\PSoC4/cyfitter_cfg.c ****     /*  If not using CY_CFG_CLOCK_STARTUP_ERROR_CALLBACK, place your clock startup code here. */
 139:Generated_Source\PSoC4/cyfitter_cfg.c ****     /* `#START CyClockStartupError` */
 140:Generated_Source\PSoC4/cyfitter_cfg.c **** 
 141:Generated_Source\PSoC4/cyfitter_cfg.c **** 
 142:Generated_Source\PSoC4/cyfitter_cfg.c **** 
 143:Generated_Source\PSoC4/cyfitter_cfg.c ****     /* `#END` */
 144:Generated_Source\PSoC4/cyfitter_cfg.c **** 
 145:Generated_Source\PSoC4/cyfitter_cfg.c ****     while(1) {}
ARM GAS  C:\Users\Melody\AppData\Local\Temp\ccPzJjeg.s 			page 4


 146:Generated_Source\PSoC4/cyfitter_cfg.c **** #endif /* CY_CFG_CLOCK_STARTUP_ERROR_CALLBACK */
 147:Generated_Source\PSoC4/cyfitter_cfg.c **** }
 148:Generated_Source\PSoC4/cyfitter_cfg.c **** #endif
 149:Generated_Source\PSoC4/cyfitter_cfg.c **** 
 150:Generated_Source\PSoC4/cyfitter_cfg.c **** 
 151:Generated_Source\PSoC4/cyfitter_cfg.c **** 
 152:Generated_Source\PSoC4/cyfitter_cfg.c **** /*******************************************************************************
 153:Generated_Source\PSoC4/cyfitter_cfg.c **** * Function Name: ClockSetup
 154:Generated_Source\PSoC4/cyfitter_cfg.c **** ********************************************************************************
 155:Generated_Source\PSoC4/cyfitter_cfg.c **** *
 156:Generated_Source\PSoC4/cyfitter_cfg.c **** * Summary:
 157:Generated_Source\PSoC4/cyfitter_cfg.c **** *   Performs the initialization of all of the clocks in the device based on the
 158:Generated_Source\PSoC4/cyfitter_cfg.c **** *   settings in the Clock tab of the DWR.  This includes enabling the requested
 159:Generated_Source\PSoC4/cyfitter_cfg.c **** *   clocks and setting the necessary dividers to produce the desired frequency. 
 160:Generated_Source\PSoC4/cyfitter_cfg.c **** *
 161:Generated_Source\PSoC4/cyfitter_cfg.c **** * Parameters:
 162:Generated_Source\PSoC4/cyfitter_cfg.c **** *   void
 163:Generated_Source\PSoC4/cyfitter_cfg.c **** *
 164:Generated_Source\PSoC4/cyfitter_cfg.c **** * Return:
 165:Generated_Source\PSoC4/cyfitter_cfg.c **** *   void
 166:Generated_Source\PSoC4/cyfitter_cfg.c **** *
 167:Generated_Source\PSoC4/cyfitter_cfg.c **** *******************************************************************************/
 168:Generated_Source\PSoC4/cyfitter_cfg.c **** static void ClockSetup(void);
 169:Generated_Source\PSoC4/cyfitter_cfg.c **** CY_CFG_SECTION
 170:Generated_Source\PSoC4/cyfitter_cfg.c **** static void ClockSetup(void)
 171:Generated_Source\PSoC4/cyfitter_cfg.c **** {
 172:Generated_Source\PSoC4/cyfitter_cfg.c **** 
 173:Generated_Source\PSoC4/cyfitter_cfg.c **** 	/* Set Flash Cycles based on max possible frequency in case a glitch occurs during ClockSetup(). *
 174:Generated_Source\PSoC4/cyfitter_cfg.c **** 	CY_SET_REG32((void CYXDATA *)(CYREG_CPUSS_FLASH_CTL), (0x0012u));
 175:Generated_Source\PSoC4/cyfitter_cfg.c **** 	/* Setup and trim IMO based on desired frequency. */
 176:Generated_Source\PSoC4/cyfitter_cfg.c **** 	CySysClkWriteImoFreq(24u);
 177:Generated_Source\PSoC4/cyfitter_cfg.c **** 	/* CYDEV_CLK_ILO_CONFIG Starting address: CYDEV_CLK_ILO_CONFIG */
 178:Generated_Source\PSoC4/cyfitter_cfg.c **** 	CY_SET_REG32((void *)(CYREG_CLK_ILO_CONFIG), 0x80000006u);
 179:Generated_Source\PSoC4/cyfitter_cfg.c **** 
 180:Generated_Source\PSoC4/cyfitter_cfg.c **** 
 181:Generated_Source\PSoC4/cyfitter_cfg.c **** 	/* Setup phase aligned clocks */
 182:Generated_Source\PSoC4/cyfitter_cfg.c **** 	CY_SET_REG32((void *)CYREG_PERI_DIV_16_CTL0, 0x00000000u);
 183:Generated_Source\PSoC4/cyfitter_cfg.c **** 	CY_SET_REG32((void *)CYREG_PERI_DIV_CMD, 0x8000FF40u);
 184:Generated_Source\PSoC4/cyfitter_cfg.c **** 	CY_SET_REG32((void *)CYREG_PERI_DIV_16_CTL1, 0x00001000u);
 185:Generated_Source\PSoC4/cyfitter_cfg.c **** 	CY_SET_REG32((void *)CYREG_PERI_DIV_CMD, 0x8000FF41u);
 186:Generated_Source\PSoC4/cyfitter_cfg.c **** 
 187:Generated_Source\PSoC4/cyfitter_cfg.c **** 	/* CYDEV_CLK_IMO_CONFIG Starting address: CYDEV_CLK_IMO_CONFIG */
 188:Generated_Source\PSoC4/cyfitter_cfg.c **** 	CY_SET_REG32((void *)(CYREG_CLK_IMO_CONFIG), 0x80000000u);
 189:Generated_Source\PSoC4/cyfitter_cfg.c **** 
 190:Generated_Source\PSoC4/cyfitter_cfg.c **** 	/* CYDEV_CLK_SELECT Starting address: CYDEV_CLK_SELECT */
 191:Generated_Source\PSoC4/cyfitter_cfg.c **** 	CY_SET_REG32((void *)(CYREG_CLK_SELECT), 0x00000001u);
 192:Generated_Source\PSoC4/cyfitter_cfg.c **** 
 193:Generated_Source\PSoC4/cyfitter_cfg.c **** 	/* CYDEV_PERI_PCLK_CTL5 Starting address: CYDEV_PERI_PCLK_CTL5 */
 194:Generated_Source\PSoC4/cyfitter_cfg.c **** 	CY_SET_REG32((void *)(CYREG_PERI_PCLK_CTL5), 0x00000041u);
 195:Generated_Source\PSoC4/cyfitter_cfg.c **** 
 196:Generated_Source\PSoC4/cyfitter_cfg.c **** 	(void)CyIntSetVector(7u, &CySysWdtIsr);
 197:Generated_Source\PSoC4/cyfitter_cfg.c **** 	CyIntEnable(7u);
 198:Generated_Source\PSoC4/cyfitter_cfg.c **** 	CY_SET_REG32((void *)(CYREG_WDT_CONFIG), 0x00000000u);
 199:Generated_Source\PSoC4/cyfitter_cfg.c **** 	/* Set Flash Cycles based on newly configured 24.00MHz HFCLK. */
 200:Generated_Source\PSoC4/cyfitter_cfg.c **** 	CY_SET_REG32((void CYXDATA *)(CYREG_CPUSS_FLASH_CTL), (0x0011u));
 201:Generated_Source\PSoC4/cyfitter_cfg.c **** }
 202:Generated_Source\PSoC4/cyfitter_cfg.c **** 
ARM GAS  C:\Users\Melody\AppData\Local\Temp\ccPzJjeg.s 			page 5


 203:Generated_Source\PSoC4/cyfitter_cfg.c **** 
 204:Generated_Source\PSoC4/cyfitter_cfg.c **** /* Analog API Functions */
 205:Generated_Source\PSoC4/cyfitter_cfg.c **** 
 206:Generated_Source\PSoC4/cyfitter_cfg.c **** 
 207:Generated_Source\PSoC4/cyfitter_cfg.c **** /*******************************************************************************
 208:Generated_Source\PSoC4/cyfitter_cfg.c **** * Function Name: AnalogSetDefault
 209:Generated_Source\PSoC4/cyfitter_cfg.c **** ********************************************************************************
 210:Generated_Source\PSoC4/cyfitter_cfg.c **** *
 211:Generated_Source\PSoC4/cyfitter_cfg.c **** * Summary:
 212:Generated_Source\PSoC4/cyfitter_cfg.c **** *  Sets up the analog portions of the chip to default values based on chip
 213:Generated_Source\PSoC4/cyfitter_cfg.c **** *  configuration options from the project.
 214:Generated_Source\PSoC4/cyfitter_cfg.c **** *
 215:Generated_Source\PSoC4/cyfitter_cfg.c **** * Parameters:
 216:Generated_Source\PSoC4/cyfitter_cfg.c **** *  void
 217:Generated_Source\PSoC4/cyfitter_cfg.c **** *
 218:Generated_Source\PSoC4/cyfitter_cfg.c **** * Return:
 219:Generated_Source\PSoC4/cyfitter_cfg.c **** *  void
 220:Generated_Source\PSoC4/cyfitter_cfg.c **** *
 221:Generated_Source\PSoC4/cyfitter_cfg.c **** *******************************************************************************/
 222:Generated_Source\PSoC4/cyfitter_cfg.c **** static void AnalogSetDefault(void);
 223:Generated_Source\PSoC4/cyfitter_cfg.c **** static void AnalogSetDefault(void)
 224:Generated_Source\PSoC4/cyfitter_cfg.c **** {
  27              		.loc 1 224 0
  28              		.cfi_startproc
  29              		@ args = 0, pretend = 0, frame = 0
  30              		@ frame_needed = 0, uses_anonymous_args = 0
  31              		@ link register save eliminated.
 225:Generated_Source\PSoC4/cyfitter_cfg.c **** 	CY_SET_XTND_REG32((void CYFAR *)CYREG_CTBM0_DFT_CTRL, 0x00000003u);
  32              		.loc 1 225 0
  33 0000 0323     		movs	r3, #3
  34 0002 044A     		ldr	r2, .L2
  35 0004 1360     		str	r3, [r2]
 226:Generated_Source\PSoC4/cyfitter_cfg.c **** 	CY_SET_XTND_REG32((void CYFAR *)CYREG_CTBM1_DFT_CTRL, 0x00000003u);
  36              		.loc 1 226 0
  37 0006 044A     		ldr	r2, .L2+4
  38 0008 1360     		str	r3, [r2]
 227:Generated_Source\PSoC4/cyfitter_cfg.c **** 	CY_SET_XTND_REG32((void CYFAR *)CYREG_PASS_DSAB_DSAB_CTRL, 0x00000000u);
  39              		.loc 1 227 0
  40 000a 0022     		movs	r2, #0
  41 000c 034B     		ldr	r3, .L2+8
  42 000e 1A60     		str	r2, [r3]
 228:Generated_Source\PSoC4/cyfitter_cfg.c **** }
  43              		.loc 1 228 0
  44              		@ sp needed
  45 0010 7047     		bx	lr
  46              	.L3:
  47 0012 C046     		.align	2
  48              	.L2:
  49 0014 30003040 		.word	1076887600
  50 0018 30003140 		.word	1076953136
  51 001c 000E3F40 		.word	1077874176
  52              		.cfi_endproc
  53              	.LFE5:
  54              		.size	AnalogSetDefault, .-AnalogSetDefault
  55              		.section	.text.CYMEMZERO,"ax",%progbits
  56              		.align	2
  57              		.code	16
ARM GAS  C:\Users\Melody\AppData\Local\Temp\ccPzJjeg.s 			page 6


  58              		.thumb_func
  59              		.type	CYMEMZERO, %function
  60              	CYMEMZERO:
  61              	.LFB1:
  77:Generated_Source\PSoC4/cyfitter_cfg.c **** 	(void)memset(s, 0, n);
  62              		.loc 1 77 0
  63              		.cfi_startproc
  64              		@ args = 0, pretend = 0, frame = 0
  65              		@ frame_needed = 0, uses_anonymous_args = 0
  66              	.LVL0:
  67 0000 10B5     		push	{r4, lr}
  68              		.cfi_def_cfa_offset 8
  69              		.cfi_offset 4, -8
  70              		.cfi_offset 14, -4
  71 0002 0A00     		movs	r2, r1
  78:Generated_Source\PSoC4/cyfitter_cfg.c **** }
  72              		.loc 1 78 0
  73 0004 0021     		movs	r1, #0
  74              	.LVL1:
  75 0006 FFF7FEFF 		bl	memset
  76              	.LVL2:
  79:Generated_Source\PSoC4/cyfitter_cfg.c **** CY_CFG_UNUSED
  77              		.loc 1 79 0
  78              		@ sp needed
  79 000a 10BD     		pop	{r4, pc}
  80              		.cfi_endproc
  81              	.LFE1:
  82              		.size	CYMEMZERO, .-CYMEMZERO
  83              		.section	.psocinit,"ax",%progbits
  84              		.align	2
  85              		.code	16
  86              		.thumb_func
  87              		.type	ClockSetup, %function
  88              	ClockSetup:
  89              	.LFB4:
 171:Generated_Source\PSoC4/cyfitter_cfg.c **** 
  90              		.loc 1 171 0
  91              		.cfi_startproc
  92              		@ args = 0, pretend = 0, frame = 0
  93              		@ frame_needed = 0, uses_anonymous_args = 0
  94 0000 70B5     		push	{r4, r5, r6, lr}
  95              		.cfi_def_cfa_offset 16
  96              		.cfi_offset 4, -16
  97              		.cfi_offset 5, -12
  98              		.cfi_offset 6, -8
  99              		.cfi_offset 14, -4
 174:Generated_Source\PSoC4/cyfitter_cfg.c **** 	/* Setup and trim IMO based on desired frequency. */
 100              		.loc 1 174 0
 101 0002 154C     		ldr	r4, .L6
 102 0004 1223     		movs	r3, #18
 103 0006 2360     		str	r3, [r4]
 176:Generated_Source\PSoC4/cyfitter_cfg.c **** 	/* CYDEV_CLK_ILO_CONFIG Starting address: CYDEV_CLK_ILO_CONFIG */
 104              		.loc 1 176 0
 105 0008 1820     		movs	r0, #24
 106 000a FFF7FEFF 		bl	CySysClkWriteImoFreq
 107              	.LVL3:
 178:Generated_Source\PSoC4/cyfitter_cfg.c **** 
ARM GAS  C:\Users\Melody\AppData\Local\Temp\ccPzJjeg.s 			page 7


 108              		.loc 1 178 0
 109 000e 134A     		ldr	r2, .L6+4
 110 0010 134B     		ldr	r3, .L6+8
 111 0012 1A60     		str	r2, [r3]
 182:Generated_Source\PSoC4/cyfitter_cfg.c **** 	CY_SET_REG32((void *)CYREG_PERI_DIV_CMD, 0x8000FF40u);
 112              		.loc 1 182 0
 113 0014 0025     		movs	r5, #0
 114 0016 134B     		ldr	r3, .L6+12
 115 0018 1D60     		str	r5, [r3]
 183:Generated_Source\PSoC4/cyfitter_cfg.c **** 	CY_SET_REG32((void *)CYREG_PERI_DIV_16_CTL1, 0x00001000u);
 116              		.loc 1 183 0
 117 001a 134B     		ldr	r3, .L6+16
 118 001c 134A     		ldr	r2, .L6+20
 119 001e 1A60     		str	r2, [r3]
 184:Generated_Source\PSoC4/cyfitter_cfg.c **** 	CY_SET_REG32((void *)CYREG_PERI_DIV_CMD, 0x8000FF41u);
 120              		.loc 1 184 0
 121 0020 8021     		movs	r1, #128
 122 0022 4901     		lsls	r1, r1, #5
 123 0024 124A     		ldr	r2, .L6+24
 124 0026 1160     		str	r1, [r2]
 185:Generated_Source\PSoC4/cyfitter_cfg.c **** 
 125              		.loc 1 185 0
 126 0028 124A     		ldr	r2, .L6+28
 127 002a 1A60     		str	r2, [r3]
 188:Generated_Source\PSoC4/cyfitter_cfg.c **** 
 128              		.loc 1 188 0
 129 002c 8022     		movs	r2, #128
 130 002e 1206     		lsls	r2, r2, #24
 131 0030 114B     		ldr	r3, .L6+32
 132 0032 1A60     		str	r2, [r3]
 191:Generated_Source\PSoC4/cyfitter_cfg.c **** 
 133              		.loc 1 191 0
 134 0034 0122     		movs	r2, #1
 135 0036 114B     		ldr	r3, .L6+36
 136 0038 1A60     		str	r2, [r3]
 194:Generated_Source\PSoC4/cyfitter_cfg.c **** 
 137              		.loc 1 194 0
 138 003a 4032     		adds	r2, r2, #64
 139 003c 104B     		ldr	r3, .L6+40
 140 003e 1A60     		str	r2, [r3]
 196:Generated_Source\PSoC4/cyfitter_cfg.c **** 	CyIntEnable(7u);
 141              		.loc 1 196 0
 142 0040 1049     		ldr	r1, .L6+44
 143 0042 0720     		movs	r0, #7
 144 0044 FFF7FEFF 		bl	CyIntSetVector
 145              	.LVL4:
 197:Generated_Source\PSoC4/cyfitter_cfg.c **** 	CY_SET_REG32((void *)(CYREG_WDT_CONFIG), 0x00000000u);
 146              		.loc 1 197 0
 147 0048 0720     		movs	r0, #7
 148 004a FFF7FEFF 		bl	CyIntEnable
 149              	.LVL5:
 198:Generated_Source\PSoC4/cyfitter_cfg.c **** 	/* Set Flash Cycles based on newly configured 24.00MHz HFCLK. */
 150              		.loc 1 198 0
 151 004e 0E4B     		ldr	r3, .L6+48
 152 0050 1D60     		str	r5, [r3]
 200:Generated_Source\PSoC4/cyfitter_cfg.c **** }
 153              		.loc 1 200 0
ARM GAS  C:\Users\Melody\AppData\Local\Temp\ccPzJjeg.s 			page 8


 154 0052 1123     		movs	r3, #17
 155 0054 2360     		str	r3, [r4]
 201:Generated_Source\PSoC4/cyfitter_cfg.c **** 
 156              		.loc 1 201 0
 157              		@ sp needed
 158 0056 70BD     		pop	{r4, r5, r6, pc}
 159              	.L7:
 160              		.align	2
 161              	.L6:
 162 0058 30001040 		.word	1074790448
 163 005c 06000080 		.word	-2147483642
 164 0060 04010B40 		.word	1074462980
 165 0064 00030140 		.word	1073808128
 166 0068 00000140 		.word	1073807360
 167 006c 40FF0080 		.word	-2147418304
 168 0070 04030140 		.word	1073808132
 169 0074 41FF0080 		.word	-2147418303
 170 0078 08010B40 		.word	1074462984
 171 007c 00010B40 		.word	1074462976
 172 0080 14010140 		.word	1073807636
 173 0084 00000000 		.word	CySysWdtIsr
 174 0088 0C020B40 		.word	1074463244
 175              		.cfi_endproc
 176              	.LFE4:
 177              		.size	ClockSetup, .-ClockSetup
 178              		.align	2
 179              		.global	cyfitter_cfg
 180              		.code	16
 181              		.thumb_func
 182              		.type	cyfitter_cfg, %function
 183              	cyfitter_cfg:
 184              	.LFB6:
 229:Generated_Source\PSoC4/cyfitter_cfg.c **** 
 230:Generated_Source\PSoC4/cyfitter_cfg.c **** 
 231:Generated_Source\PSoC4/cyfitter_cfg.c **** 
 232:Generated_Source\PSoC4/cyfitter_cfg.c **** 
 233:Generated_Source\PSoC4/cyfitter_cfg.c **** /*******************************************************************************
 234:Generated_Source\PSoC4/cyfitter_cfg.c **** * Function Name: cyfitter_cfg
 235:Generated_Source\PSoC4/cyfitter_cfg.c **** ********************************************************************************
 236:Generated_Source\PSoC4/cyfitter_cfg.c **** * Summary:
 237:Generated_Source\PSoC4/cyfitter_cfg.c **** *  This function is called by the start-up code for the selected device. It
 238:Generated_Source\PSoC4/cyfitter_cfg.c **** *  performs all of the necessary device configuration based on the design
 239:Generated_Source\PSoC4/cyfitter_cfg.c **** *  settings.  This includes settings from the Design Wide Resources (DWR) such
 240:Generated_Source\PSoC4/cyfitter_cfg.c **** *  as Clocks and Pins as well as any component configuration that is necessary.
 241:Generated_Source\PSoC4/cyfitter_cfg.c **** *
 242:Generated_Source\PSoC4/cyfitter_cfg.c **** * Parameters:
 243:Generated_Source\PSoC4/cyfitter_cfg.c **** *   void
 244:Generated_Source\PSoC4/cyfitter_cfg.c **** *
 245:Generated_Source\PSoC4/cyfitter_cfg.c **** * Return:
 246:Generated_Source\PSoC4/cyfitter_cfg.c **** *   void
 247:Generated_Source\PSoC4/cyfitter_cfg.c **** *
 248:Generated_Source\PSoC4/cyfitter_cfg.c **** *******************************************************************************/
 249:Generated_Source\PSoC4/cyfitter_cfg.c **** CY_CFG_SECTION
 250:Generated_Source\PSoC4/cyfitter_cfg.c **** void cyfitter_cfg(void)
 251:Generated_Source\PSoC4/cyfitter_cfg.c **** {
 185              		.loc 1 251 0
 186              		.cfi_startproc
ARM GAS  C:\Users\Melody\AppData\Local\Temp\ccPzJjeg.s 			page 9


 187              		@ args = 0, pretend = 0, frame = 0
 188              		@ frame_needed = 0, uses_anonymous_args = 0
 189 008c 10B5     		push	{r4, lr}
 190              		.cfi_def_cfa_offset 8
 191              		.cfi_offset 4, -8
 192              		.cfi_offset 14, -4
 252:Generated_Source\PSoC4/cyfitter_cfg.c **** 	/* Disable interrupts by default. Let user enable if/when they want. */
 253:Generated_Source\PSoC4/cyfitter_cfg.c **** 	CyGlobalIntDisable;
 193              		.loc 1 253 0
 194              		.syntax divided
 195              	@ 253 "Generated_Source\PSoC4\cyfitter_cfg.c" 1
 196 008e 72B6     		CPSID   i
 197              	@ 0 "" 2
 198              	.LVL6:
 199              		.thumb
 200              		.syntax unified
 201              	.LBB2:
 254:Generated_Source\PSoC4/cyfitter_cfg.c **** 
 255:Generated_Source\PSoC4/cyfitter_cfg.c **** 	{
 256:Generated_Source\PSoC4/cyfitter_cfg.c **** 
 257:Generated_Source\PSoC4/cyfitter_cfg.c **** 		CYPACKED typedef struct {
 258:Generated_Source\PSoC4/cyfitter_cfg.c **** 			void CYFAR *address;
 259:Generated_Source\PSoC4/cyfitter_cfg.c **** 			uint16 size;
 260:Generated_Source\PSoC4/cyfitter_cfg.c **** 		} CYPACKED_ATTR cfg_memset_t;
 261:Generated_Source\PSoC4/cyfitter_cfg.c **** 
 262:Generated_Source\PSoC4/cyfitter_cfg.c **** 		static const cfg_memset_t CYCODE cfg_memset_list[] = {
 263:Generated_Source\PSoC4/cyfitter_cfg.c **** 			/* address, size */
 264:Generated_Source\PSoC4/cyfitter_cfg.c **** 			{(void CYFAR *)(CYDEV_UDB_P0_U0_BASE), 1024u},
 265:Generated_Source\PSoC4/cyfitter_cfg.c **** 			{(void CYFAR *)(CYDEV_UDB_DSI0_BASE), 1024u},
 266:Generated_Source\PSoC4/cyfitter_cfg.c **** 		};
 267:Generated_Source\PSoC4/cyfitter_cfg.c **** 
 268:Generated_Source\PSoC4/cyfitter_cfg.c **** 		uint8 CYDATA i;
 269:Generated_Source\PSoC4/cyfitter_cfg.c **** 
 270:Generated_Source\PSoC4/cyfitter_cfg.c **** 		/* Zero out critical memory blocks before beginning configuration */
 271:Generated_Source\PSoC4/cyfitter_cfg.c **** 		for (i = 0u; i < (sizeof(cfg_memset_list)/sizeof(cfg_memset_list[0])); i++)
 202              		.loc 1 271 0
 203 0090 0024     		movs	r4, #0
 204 0092 0FE0     		b	.L9
 205              	.LVL7:
 206              	.L10:
 207              	.LBB3:
 272:Generated_Source\PSoC4/cyfitter_cfg.c **** 		{
 273:Generated_Source\PSoC4/cyfitter_cfg.c **** 			const cfg_memset_t CYCODE * CYDATA ms = &cfg_memset_list[i];
 274:Generated_Source\PSoC4/cyfitter_cfg.c **** 			CYMEMZERO(ms->address, (size_t)(uint32)(ms->size));
 208              		.loc 1 274 0 discriminator 3
 209 0094 1E48     		ldr	r0, .L11
 210 0096 6200     		lsls	r2, r4, #1
 211 0098 1319     		adds	r3, r2, r4
 212 009a 5900     		lsls	r1, r3, #1
 213 009c 0B00     		movs	r3, r1
 214 009e 4118     		adds	r1, r0, r1
 215 00a0 8988     		ldrh	r1, [r1, #4]
 216 00a2 1A5A     		ldrh	r2, [r3, r0]
 217 00a4 C318     		adds	r3, r0, r3
 218 00a6 5888     		ldrh	r0, [r3, #2]
 219 00a8 0004     		lsls	r0, r0, #16
 220 00aa 1043     		orrs	r0, r2
ARM GAS  C:\Users\Melody\AppData\Local\Temp\ccPzJjeg.s 			page 10


 221 00ac FFF7FEFF 		bl	CYMEMZERO
 222              	.LVL8:
 223              	.LBE3:
 271:Generated_Source\PSoC4/cyfitter_cfg.c **** 		{
 224              		.loc 1 271 0 discriminator 3
 225 00b0 0134     		adds	r4, r4, #1
 226              	.LVL9:
 227 00b2 E4B2     		uxtb	r4, r4
 228              	.LVL10:
 229              	.L9:
 271:Generated_Source\PSoC4/cyfitter_cfg.c **** 		{
 230              		.loc 1 271 0 is_stmt 0 discriminator 1
 231 00b4 012C     		cmp	r4, #1
 232 00b6 EDD9     		bls	.L10
 275:Generated_Source\PSoC4/cyfitter_cfg.c **** 		}
 276:Generated_Source\PSoC4/cyfitter_cfg.c **** 
 277:Generated_Source\PSoC4/cyfitter_cfg.c **** 		/* HSIOM Starting address: CYDEV_HSIOM_BASE */
 278:Generated_Source\PSoC4/cyfitter_cfg.c **** 		CY_SET_REG32((void *)(CYDEV_HSIOM_BASE), 0x080000AAu);
 233              		.loc 1 278 0 is_stmt 1
 234 00b8 164A     		ldr	r2, .L11+4
 235 00ba 174B     		ldr	r3, .L11+8
 236 00bc 1A60     		str	r2, [r3]
 279:Generated_Source\PSoC4/cyfitter_cfg.c **** 		CY_SET_REG32((void *)(CYREG_HSIOM_PORT_SEL3), 0x0000EE00u);
 237              		.loc 1 279 0
 238 00be EE22     		movs	r2, #238
 239 00c0 1202     		lsls	r2, r2, #8
 240 00c2 164B     		ldr	r3, .L11+12
 241 00c4 1A60     		str	r2, [r3]
 280:Generated_Source\PSoC4/cyfitter_cfg.c **** 		CY_SET_REG32((void *)(CYREG_HSIOM_PORT_SEL7), 0x00000099u);
 242              		.loc 1 280 0
 243 00c6 9922     		movs	r2, #153
 244 00c8 154B     		ldr	r3, .L11+16
 245 00ca 1A60     		str	r2, [r3]
 281:Generated_Source\PSoC4/cyfitter_cfg.c **** 
 282:Generated_Source\PSoC4/cyfitter_cfg.c **** 		/* UDB_PA_0 Starting address: CYDEV_UDB_PA0_BASE */
 283:Generated_Source\PSoC4/cyfitter_cfg.c **** 		CY_SET_REG32((void *)(CYDEV_UDB_PA0_BASE), 0x00990000u);
 246              		.loc 1 283 0
 247 00cc 9923     		movs	r3, #153
 248 00ce 1B04     		lsls	r3, r3, #16
 249 00d0 144A     		ldr	r2, .L11+20
 250 00d2 1360     		str	r3, [r2]
 284:Generated_Source\PSoC4/cyfitter_cfg.c **** 
 285:Generated_Source\PSoC4/cyfitter_cfg.c **** 		/* UDB_PA_3 Starting address: CYDEV_UDB_PA3_BASE */
 286:Generated_Source\PSoC4/cyfitter_cfg.c **** 		CY_SET_REG32((void *)(CYDEV_UDB_PA3_BASE), 0x00990000u);
 251              		.loc 1 286 0
 252 00d4 144A     		ldr	r2, .L11+24
 253 00d6 1360     		str	r3, [r2]
 287:Generated_Source\PSoC4/cyfitter_cfg.c **** 
 288:Generated_Source\PSoC4/cyfitter_cfg.c **** 		/* Enable digital routing */
 289:Generated_Source\PSoC4/cyfitter_cfg.c **** 		CY_SET_XTND_REG8((void *)CYREG_UDB_UDBIF_BANK_CTL, (uint8)(CY_GET_XTND_REG8((void *)CYREG_UDB_UDB
 254              		.loc 1 289 0
 255 00d8 144A     		ldr	r2, .L11+28
 256 00da 1178     		ldrb	r1, [r2]
 257 00dc 0623     		movs	r3, #6
 258 00de 0B43     		orrs	r3, r1
 259 00e0 DBB2     		uxtb	r3, r3
 260 00e2 1370     		strb	r3, [r2]
ARM GAS  C:\Users\Melody\AppData\Local\Temp\ccPzJjeg.s 			page 11


 261              	.LBE2:
 290:Generated_Source\PSoC4/cyfitter_cfg.c **** 	}
 291:Generated_Source\PSoC4/cyfitter_cfg.c **** 
 292:Generated_Source\PSoC4/cyfitter_cfg.c **** 	/* Perform second pass device configuration. These items must be configured in specific order afte
 293:Generated_Source\PSoC4/cyfitter_cfg.c **** 	/* IOPINS0_0 Starting address: CYDEV_GPIO_PRT0_BASE */
 294:Generated_Source\PSoC4/cyfitter_cfg.c **** 	CY_SET_REG32((void *)(CYDEV_GPIO_PRT0_BASE), 0x00000002u);
 262              		.loc 1 294 0
 263 00e4 0223     		movs	r3, #2
 264 00e6 124A     		ldr	r2, .L11+32
 265 00e8 1360     		str	r3, [r2]
 295:Generated_Source\PSoC4/cyfitter_cfg.c **** 	CY_SET_REG32((void *)(CYREG_GPIO_PRT0_PC), 0x00040031u);
 266              		.loc 1 295 0
 267 00ea 1249     		ldr	r1, .L11+36
 268 00ec 124A     		ldr	r2, .L11+40
 269 00ee 1160     		str	r1, [r2]
 296:Generated_Source\PSoC4/cyfitter_cfg.c **** 
 297:Generated_Source\PSoC4/cyfitter_cfg.c **** 	/* IOPINS0_3 Starting address: CYDEV_GPIO_PRT3_BASE */
 298:Generated_Source\PSoC4/cyfitter_cfg.c **** 	CY_SET_REG32((void *)(CYREG_GPIO_PRT3_PC), 0x00000D80u);
 270              		.loc 1 298 0
 271 00f0 D821     		movs	r1, #216
 272 00f2 0901     		lsls	r1, r1, #4
 273 00f4 114A     		ldr	r2, .L11+44
 274 00f6 1160     		str	r1, [r2]
 299:Generated_Source\PSoC4/cyfitter_cfg.c **** 
 300:Generated_Source\PSoC4/cyfitter_cfg.c **** 	/* IOPINS0_7 Starting address: CYDEV_GPIO_PRT7_BASE */
 301:Generated_Source\PSoC4/cyfitter_cfg.c **** 	CY_SET_REG32((void *)(CYDEV_GPIO_PRT7_BASE), 0x00000002u);
 275              		.loc 1 301 0
 276 00f8 114A     		ldr	r2, .L11+48
 277 00fa 1360     		str	r3, [r2]
 302:Generated_Source\PSoC4/cyfitter_cfg.c **** 	CY_SET_REG32((void *)(CYREG_GPIO_PRT7_PC), 0x00000031u);
 278              		.loc 1 302 0
 279 00fc 3121     		movs	r1, #49
 280 00fe 114A     		ldr	r2, .L11+52
 281 0100 1160     		str	r1, [r2]
 303:Generated_Source\PSoC4/cyfitter_cfg.c **** 	CY_SET_REG32((void *)(CYREG_GPIO_PRT7_PC2), 0x00000002u);
 282              		.loc 1 303 0
 283 0102 114A     		ldr	r2, .L11+56
 284 0104 1360     		str	r3, [r2]
 304:Generated_Source\PSoC4/cyfitter_cfg.c **** 
 305:Generated_Source\PSoC4/cyfitter_cfg.c **** 
 306:Generated_Source\PSoC4/cyfitter_cfg.c **** 	/* Setup clocks based on selections from Clock DWR */
 307:Generated_Source\PSoC4/cyfitter_cfg.c **** 	ClockSetup();
 285              		.loc 1 307 0
 286 0106 FFF77BFF 		bl	ClockSetup
 287              	.LVL11:
 308:Generated_Source\PSoC4/cyfitter_cfg.c **** 
 309:Generated_Source\PSoC4/cyfitter_cfg.c **** 	/* Perform basic analog initialization to defaults */
 310:Generated_Source\PSoC4/cyfitter_cfg.c **** 	AnalogSetDefault();
 288              		.loc 1 310 0
 289 010a FFF7FEFF 		bl	AnalogSetDefault
 290              	.LVL12:
 311:Generated_Source\PSoC4/cyfitter_cfg.c **** 
 312:Generated_Source\PSoC4/cyfitter_cfg.c **** }
 291              		.loc 1 312 0
 292              		@ sp needed
 293              	.LVL13:
 294 010e 10BD     		pop	{r4, pc}
ARM GAS  C:\Users\Melody\AppData\Local\Temp\ccPzJjeg.s 			page 12


 295              	.L12:
 296              		.align	2
 297              	.L11:
 298 0110 00000000 		.word	.LANCHOR0
 299 0114 AA000008 		.word	134217898
 300 0118 00000240 		.word	1073872896
 301 011c 00030240 		.word	1073873664
 302 0120 00070240 		.word	1073874688
 303 0124 00500F40 		.word	1074745344
 304 0128 30500F40 		.word	1074745392
 305 012c 00700F40 		.word	1074753536
 306 0130 00000440 		.word	1074003968
 307 0134 31000400 		.word	262193
 308 0138 08000440 		.word	1074003976
 309 013c 08030440 		.word	1074004744
 310 0140 00070440 		.word	1074005760
 311 0144 08070440 		.word	1074005768
 312 0148 18070440 		.word	1074005784
 313              		.cfi_endproc
 314              	.LFE6:
 315              		.size	cyfitter_cfg, .-cyfitter_cfg
 316              		.section	.rodata
 317              		.align	2
 318              		.set	.LANCHOR0,. + 0
 319              		.type	cfg_memset_list.4888, %object
 320              		.size	cfg_memset_list.4888, 12
 321              	cfg_memset_list.4888:
 322 0000 00300F40 		.word	1074737152
 323 0004 0004     		.short	1024
 324 0006 00400F40 		.4byte	1074741248
 325 000a 0004     		.short	1024
 326              		.text
 327              	.Letext0:
 328              		.file 2 "c:\\program files (x86)\\cypress\\psoc creator\\4.4\\psoc creator\\import\\gnu\\arm\\5.4.
 329              		.file 3 "Generated_Source\\PSoC4\\cytypes.h"
 330              		.file 4 "Generated_Source\\PSoC4\\CyLib.h"
 331              		.section	.debug_info,"",%progbits
 332              	.Ldebug_info0:
 333 0000 93020000 		.4byte	0x293
 334 0004 0400     		.2byte	0x4
 335 0006 00000000 		.4byte	.Ldebug_abbrev0
 336 000a 04       		.byte	0x4
 337 000b 01       		.uleb128 0x1
 338 000c 75010000 		.4byte	.LASF29
 339 0010 0C       		.byte	0xc
 340 0011 6C020000 		.4byte	.LASF30
 341 0015 FC000000 		.4byte	.LASF31
 342 0019 00000000 		.4byte	.Ldebug_ranges0+0
 343 001d 00000000 		.4byte	0
 344 0021 00000000 		.4byte	.Ldebug_line0
 345 0025 02       		.uleb128 0x2
 346 0026 04       		.byte	0x4
 347 0027 05       		.byte	0x5
 348 0028 696E7400 		.ascii	"int\000"
 349 002c 03       		.uleb128 0x3
 350 002d 06000000 		.4byte	.LASF12
 351 0031 02       		.byte	0x2
ARM GAS  C:\Users\Melody\AppData\Local\Temp\ccPzJjeg.s 			page 13


 352 0032 D8       		.byte	0xd8
 353 0033 37000000 		.4byte	0x37
 354 0037 04       		.uleb128 0x4
 355 0038 04       		.byte	0x4
 356 0039 07       		.byte	0x7
 357 003a C3000000 		.4byte	.LASF0
 358 003e 04       		.uleb128 0x4
 359 003f 08       		.byte	0x8
 360 0040 05       		.byte	0x5
 361 0041 19020000 		.4byte	.LASF1
 362 0045 04       		.uleb128 0x4
 363 0046 08       		.byte	0x8
 364 0047 04       		.byte	0x4
 365 0048 54020000 		.4byte	.LASF2
 366 004c 04       		.uleb128 0x4
 367 004d 01       		.byte	0x1
 368 004e 06       		.byte	0x6
 369 004f 60020000 		.4byte	.LASF3
 370 0053 04       		.uleb128 0x4
 371 0054 01       		.byte	0x1
 372 0055 08       		.byte	0x8
 373 0056 8D000000 		.4byte	.LASF4
 374 005a 04       		.uleb128 0x4
 375 005b 02       		.byte	0x2
 376 005c 05       		.byte	0x5
 377 005d 2C020000 		.4byte	.LASF5
 378 0061 04       		.uleb128 0x4
 379 0062 02       		.byte	0x2
 380 0063 07       		.byte	0x7
 381 0064 48000000 		.4byte	.LASF6
 382 0068 04       		.uleb128 0x4
 383 0069 04       		.byte	0x4
 384 006a 05       		.byte	0x5
 385 006b 4B020000 		.4byte	.LASF7
 386 006f 04       		.uleb128 0x4
 387 0070 04       		.byte	0x4
 388 0071 07       		.byte	0x7
 389 0072 6B000000 		.4byte	.LASF8
 390 0076 04       		.uleb128 0x4
 391 0077 08       		.byte	0x8
 392 0078 07       		.byte	0x7
 393 0079 E5000000 		.4byte	.LASF9
 394 007d 04       		.uleb128 0x4
 395 007e 04       		.byte	0x4
 396 007f 07       		.byte	0x7
 397 0080 10020000 		.4byte	.LASF10
 398 0084 05       		.uleb128 0x5
 399 0085 04       		.byte	0x4
 400 0086 04       		.uleb128 0x4
 401 0087 01       		.byte	0x1
 402 0088 08       		.byte	0x8
 403 0089 27020000 		.4byte	.LASF11
 404 008d 06       		.uleb128 0x6
 405 008e 7D000000 		.4byte	.LASF13
 406 0092 03       		.byte	0x3
 407 0093 D201     		.2byte	0x1d2
 408 0095 53000000 		.4byte	0x53
ARM GAS  C:\Users\Melody\AppData\Local\Temp\ccPzJjeg.s 			page 14


 409 0099 06       		.uleb128 0x6
 410 009a B5000000 		.4byte	.LASF14
 411 009e 03       		.byte	0x3
 412 009f D301     		.2byte	0x1d3
 413 00a1 61000000 		.4byte	0x61
 414 00a5 06       		.uleb128 0x6
 415 00a6 BC000000 		.4byte	.LASF15
 416 00aa 03       		.byte	0x3
 417 00ab D401     		.2byte	0x1d4
 418 00ad 6F000000 		.4byte	0x6f
 419 00b1 04       		.uleb128 0x4
 420 00b2 04       		.byte	0x4
 421 00b3 04       		.byte	0x4
 422 00b4 5B000000 		.4byte	.LASF16
 423 00b8 04       		.uleb128 0x4
 424 00b9 08       		.byte	0x8
 425 00ba 04       		.byte	0x4
 426 00bb A2000000 		.4byte	.LASF17
 427 00bf 06       		.uleb128 0x6
 428 00c0 66000000 		.4byte	.LASF18
 429 00c4 03       		.byte	0x3
 430 00c5 7C02     		.2byte	0x27c
 431 00c7 CB000000 		.4byte	0xcb
 432 00cb 07       		.uleb128 0x7
 433 00cc 8D000000 		.4byte	0x8d
 434 00d0 06       		.uleb128 0x6
 435 00d1 00000000 		.4byte	.LASF19
 436 00d5 03       		.byte	0x3
 437 00d6 7E02     		.2byte	0x27e
 438 00d8 DC000000 		.4byte	0xdc
 439 00dc 07       		.uleb128 0x7
 440 00dd A5000000 		.4byte	0xa5
 441 00e1 08       		.uleb128 0x8
 442 00e2 0D000000 		.4byte	.LASF32
 443 00e6 01       		.byte	0x1
 444 00e7 DF       		.byte	0xdf
 445 00e8 00000000 		.4byte	.LFB5
 446 00ec 20000000 		.4byte	.LFE5-.LFB5
 447 00f0 01       		.uleb128 0x1
 448 00f1 9C       		.byte	0x9c
 449 00f2 09       		.uleb128 0x9
 450 00f3 83000000 		.4byte	.LASF20
 451 00f7 01       		.byte	0x1
 452 00f8 4C       		.byte	0x4c
 453 00f9 00000000 		.4byte	.LFB1
 454 00fd 0C000000 		.4byte	.LFE1-.LFB1
 455 0101 01       		.uleb128 0x1
 456 0102 9C       		.byte	0x9c
 457 0103 3F010000 		.4byte	0x13f
 458 0107 0A       		.uleb128 0xa
 459 0108 7300     		.ascii	"s\000"
 460 010a 01       		.byte	0x1
 461 010b 4C       		.byte	0x4c
 462 010c 84000000 		.4byte	0x84
 463 0110 00000000 		.4byte	.LLST0
 464 0114 0A       		.uleb128 0xa
 465 0115 6E00     		.ascii	"n\000"
ARM GAS  C:\Users\Melody\AppData\Local\Temp\ccPzJjeg.s 			page 15


 466 0117 01       		.byte	0x1
 467 0118 4C       		.byte	0x4c
 468 0119 2C000000 		.4byte	0x2c
 469 011d 21000000 		.4byte	.LLST1
 470 0121 0B       		.uleb128 0xb
 471 0122 0A000000 		.4byte	.LVL2
 472 0126 6C020000 		.4byte	0x26c
 473 012a 0C       		.uleb128 0xc
 474 012b 01       		.uleb128 0x1
 475 012c 50       		.byte	0x50
 476 012d 03       		.uleb128 0x3
 477 012e F3       		.byte	0xf3
 478 012f 01       		.uleb128 0x1
 479 0130 50       		.byte	0x50
 480 0131 0C       		.uleb128 0xc
 481 0132 01       		.uleb128 0x1
 482 0133 51       		.byte	0x51
 483 0134 01       		.uleb128 0x1
 484 0135 30       		.byte	0x30
 485 0136 0C       		.uleb128 0xc
 486 0137 01       		.uleb128 0x1
 487 0138 52       		.byte	0x52
 488 0139 03       		.uleb128 0x3
 489 013a F3       		.byte	0xf3
 490 013b 01       		.uleb128 0x1
 491 013c 51       		.byte	0x51
 492 013d 00       		.byte	0
 493 013e 00       		.byte	0
 494 013f 09       		.uleb128 0x9
 495 0140 3D000000 		.4byte	.LASF21
 496 0144 01       		.byte	0x1
 497 0145 AA       		.byte	0xaa
 498 0146 00000000 		.4byte	.LFB4
 499 014a 8C000000 		.4byte	.LFE4-.LFB4
 500 014e 01       		.uleb128 0x1
 501 014f 9C       		.byte	0x9c
 502 0150 8A010000 		.4byte	0x18a
 503 0154 0D       		.uleb128 0xd
 504 0155 0E000000 		.4byte	.LVL3
 505 0159 75020000 		.4byte	0x275
 506 015d 67010000 		.4byte	0x167
 507 0161 0C       		.uleb128 0xc
 508 0162 01       		.uleb128 0x1
 509 0163 50       		.byte	0x50
 510 0164 01       		.uleb128 0x1
 511 0165 48       		.byte	0x48
 512 0166 00       		.byte	0
 513 0167 0D       		.uleb128 0xd
 514 0168 48000000 		.4byte	.LVL4
 515 016c 80020000 		.4byte	0x280
 516 0170 7A010000 		.4byte	0x17a
 517 0174 0C       		.uleb128 0xc
 518 0175 01       		.uleb128 0x1
 519 0176 50       		.byte	0x50
 520 0177 01       		.uleb128 0x1
 521 0178 37       		.byte	0x37
 522 0179 00       		.byte	0
ARM GAS  C:\Users\Melody\AppData\Local\Temp\ccPzJjeg.s 			page 16


 523 017a 0B       		.uleb128 0xb
 524 017b 4E000000 		.4byte	.LVL5
 525 017f 8B020000 		.4byte	0x28b
 526 0183 0C       		.uleb128 0xc
 527 0184 01       		.uleb128 0x1
 528 0185 50       		.byte	0x50
 529 0186 01       		.uleb128 0x1
 530 0187 37       		.byte	0x37
 531 0188 00       		.byte	0
 532 0189 00       		.byte	0
 533 018a 0E       		.uleb128 0xe
 534 018b D0000000 		.4byte	.LASF33
 535 018f 01       		.byte	0x1
 536 0190 FA       		.byte	0xfa
 537 0191 8C000000 		.4byte	.LFB6
 538 0195 C0000000 		.4byte	.LFE6-.LFB6
 539 0199 01       		.uleb128 0x1
 540 019a 9C       		.byte	0x9c
 541 019b 6C020000 		.4byte	0x26c
 542 019f 0F       		.uleb128 0xf
 543 01a0 90000000 		.4byte	.LBB2
 544 01a4 54000000 		.4byte	.LBE2-.LBB2
 545 01a8 59020000 		.4byte	0x259
 546 01ac 10       		.uleb128 0x10
 547 01ad 06       		.byte	0x6
 548 01ae 01       		.byte	0x1
 549 01af 0101     		.2byte	0x101
 550 01b1 D0010000 		.4byte	0x1d0
 551 01b5 11       		.uleb128 0x11
 552 01b6 DD000000 		.4byte	.LASF22
 553 01ba 01       		.byte	0x1
 554 01bb 0201     		.2byte	0x102
 555 01bd 84000000 		.4byte	0x84
 556 01c1 00       		.byte	0
 557 01c2 11       		.uleb128 0x11
 558 01c3 61000000 		.4byte	.LASF23
 559 01c7 01       		.byte	0x1
 560 01c8 0301     		.2byte	0x103
 561 01ca 99000000 		.4byte	0x99
 562 01ce 04       		.byte	0x4
 563 01cf 00       		.byte	0
 564 01d0 06       		.uleb128 0x6
 565 01d1 03020000 		.4byte	.LASF24
 566 01d5 01       		.byte	0x1
 567 01d6 0401     		.2byte	0x104
 568 01d8 AC010000 		.4byte	0x1ac
 569 01dc 12       		.uleb128 0x12
 570 01dd EC010000 		.4byte	0x1ec
 571 01e1 EC010000 		.4byte	0x1ec
 572 01e5 13       		.uleb128 0x13
 573 01e6 7D000000 		.4byte	0x7d
 574 01ea 01       		.byte	0x1
 575 01eb 00       		.byte	0
 576 01ec 14       		.uleb128 0x14
 577 01ed D0010000 		.4byte	0x1d0
 578 01f1 15       		.uleb128 0x15
 579 01f2 2D000000 		.4byte	.LASF25
ARM GAS  C:\Users\Melody\AppData\Local\Temp\ccPzJjeg.s 			page 17


 580 01f6 01       		.byte	0x1
 581 01f7 0601     		.2byte	0x106
 582 01f9 03020000 		.4byte	0x203
 583 01fd 05       		.uleb128 0x5
 584 01fe 03       		.byte	0x3
 585 01ff 00000000 		.4byte	cfg_memset_list.4888
 586 0203 14       		.uleb128 0x14
 587 0204 DC010000 		.4byte	0x1dc
 588 0208 16       		.uleb128 0x16
 589 0209 6900     		.ascii	"i\000"
 590 020b 01       		.byte	0x1
 591 020c 0C01     		.2byte	0x10c
 592 020e 8D000000 		.4byte	0x8d
 593 0212 4D000000 		.4byte	.LLST2
 594 0216 17       		.uleb128 0x17
 595 0217 94000000 		.4byte	.LBB3
 596 021b 1C000000 		.4byte	.LBE3-.LBB3
 597 021f 16       		.uleb128 0x16
 598 0220 6D7300   		.ascii	"ms\000"
 599 0223 01       		.byte	0x1
 600 0224 1101     		.2byte	0x111
 601 0226 2E020000 		.4byte	0x22e
 602 022a 77000000 		.4byte	.LLST3
 603 022e 18       		.uleb128 0x18
 604 022f 04       		.byte	0x4
 605 0230 EC010000 		.4byte	0x1ec
 606 0234 0B       		.uleb128 0xb
 607 0235 B0000000 		.4byte	.LVL8
 608 0239 F2000000 		.4byte	0xf2
 609 023d 0C       		.uleb128 0xc
 610 023e 01       		.uleb128 0x1
 611 023f 51       		.byte	0x51
 612 0240 15       		.uleb128 0x15
 613 0241 74       		.byte	0x74
 614 0242 00       		.sleb128 0
 615 0243 31       		.byte	0x31
 616 0244 24       		.byte	0x24
 617 0245 74       		.byte	0x74
 618 0246 00       		.sleb128 0
 619 0247 22       		.byte	0x22
 620 0248 31       		.byte	0x31
 621 0249 24       		.byte	0x24
 622 024a 03       		.byte	0x3
 623 024b 04000000 		.4byte	.LANCHOR0+4
 624 024f 22       		.byte	0x22
 625 0250 94       		.byte	0x94
 626 0251 02       		.byte	0x2
 627 0252 0A       		.byte	0xa
 628 0253 FFFF     		.2byte	0xffff
 629 0255 1A       		.byte	0x1a
 630 0256 00       		.byte	0
 631 0257 00       		.byte	0
 632 0258 00       		.byte	0
 633 0259 19       		.uleb128 0x19
 634 025a 0A010000 		.4byte	.LVL11
 635 025e 3F010000 		.4byte	0x13f
 636 0262 19       		.uleb128 0x19
ARM GAS  C:\Users\Melody\AppData\Local\Temp\ccPzJjeg.s 			page 18


 637 0263 0E010000 		.4byte	.LVL12
 638 0267 E1000000 		.4byte	0xe1
 639 026b 00       		.byte	0
 640 026c 1A       		.uleb128 0x1a
 641 026d 9B000000 		.4byte	.LASF34
 642 0271 9B000000 		.4byte	.LASF34
 643 0275 1B       		.uleb128 0x1b
 644 0276 36020000 		.4byte	.LASF26
 645 027a 36020000 		.4byte	.LASF26
 646 027e 04       		.byte	0x4
 647 027f 6C       		.byte	0x6c
 648 0280 1B       		.uleb128 0x1b
 649 0281 1E000000 		.4byte	.LASF27
 650 0285 1E000000 		.4byte	.LASF27
 651 0289 04       		.byte	0x4
 652 028a BD       		.byte	0xbd
 653 028b 1B       		.uleb128 0x1b
 654 028c A9000000 		.4byte	.LASF28
 655 0290 A9000000 		.4byte	.LASF28
 656 0294 04       		.byte	0x4
 657 0295 C3       		.byte	0xc3
 658 0296 00       		.byte	0
 659              		.section	.debug_abbrev,"",%progbits
 660              	.Ldebug_abbrev0:
 661 0000 01       		.uleb128 0x1
 662 0001 11       		.uleb128 0x11
 663 0002 01       		.byte	0x1
 664 0003 25       		.uleb128 0x25
 665 0004 0E       		.uleb128 0xe
 666 0005 13       		.uleb128 0x13
 667 0006 0B       		.uleb128 0xb
 668 0007 03       		.uleb128 0x3
 669 0008 0E       		.uleb128 0xe
 670 0009 1B       		.uleb128 0x1b
 671 000a 0E       		.uleb128 0xe
 672 000b 55       		.uleb128 0x55
 673 000c 17       		.uleb128 0x17
 674 000d 11       		.uleb128 0x11
 675 000e 01       		.uleb128 0x1
 676 000f 10       		.uleb128 0x10
 677 0010 17       		.uleb128 0x17
 678 0011 00       		.byte	0
 679 0012 00       		.byte	0
 680 0013 02       		.uleb128 0x2
 681 0014 24       		.uleb128 0x24
 682 0015 00       		.byte	0
 683 0016 0B       		.uleb128 0xb
 684 0017 0B       		.uleb128 0xb
 685 0018 3E       		.uleb128 0x3e
 686 0019 0B       		.uleb128 0xb
 687 001a 03       		.uleb128 0x3
 688 001b 08       		.uleb128 0x8
 689 001c 00       		.byte	0
 690 001d 00       		.byte	0
 691 001e 03       		.uleb128 0x3
 692 001f 16       		.uleb128 0x16
 693 0020 00       		.byte	0
ARM GAS  C:\Users\Melody\AppData\Local\Temp\ccPzJjeg.s 			page 19


 694 0021 03       		.uleb128 0x3
 695 0022 0E       		.uleb128 0xe
 696 0023 3A       		.uleb128 0x3a
 697 0024 0B       		.uleb128 0xb
 698 0025 3B       		.uleb128 0x3b
 699 0026 0B       		.uleb128 0xb
 700 0027 49       		.uleb128 0x49
 701 0028 13       		.uleb128 0x13
 702 0029 00       		.byte	0
 703 002a 00       		.byte	0
 704 002b 04       		.uleb128 0x4
 705 002c 24       		.uleb128 0x24
 706 002d 00       		.byte	0
 707 002e 0B       		.uleb128 0xb
 708 002f 0B       		.uleb128 0xb
 709 0030 3E       		.uleb128 0x3e
 710 0031 0B       		.uleb128 0xb
 711 0032 03       		.uleb128 0x3
 712 0033 0E       		.uleb128 0xe
 713 0034 00       		.byte	0
 714 0035 00       		.byte	0
 715 0036 05       		.uleb128 0x5
 716 0037 0F       		.uleb128 0xf
 717 0038 00       		.byte	0
 718 0039 0B       		.uleb128 0xb
 719 003a 0B       		.uleb128 0xb
 720 003b 00       		.byte	0
 721 003c 00       		.byte	0
 722 003d 06       		.uleb128 0x6
 723 003e 16       		.uleb128 0x16
 724 003f 00       		.byte	0
 725 0040 03       		.uleb128 0x3
 726 0041 0E       		.uleb128 0xe
 727 0042 3A       		.uleb128 0x3a
 728 0043 0B       		.uleb128 0xb
 729 0044 3B       		.uleb128 0x3b
 730 0045 05       		.uleb128 0x5
 731 0046 49       		.uleb128 0x49
 732 0047 13       		.uleb128 0x13
 733 0048 00       		.byte	0
 734 0049 00       		.byte	0
 735 004a 07       		.uleb128 0x7
 736 004b 35       		.uleb128 0x35
 737 004c 00       		.byte	0
 738 004d 49       		.uleb128 0x49
 739 004e 13       		.uleb128 0x13
 740 004f 00       		.byte	0
 741 0050 00       		.byte	0
 742 0051 08       		.uleb128 0x8
 743 0052 2E       		.uleb128 0x2e
 744 0053 00       		.byte	0
 745 0054 03       		.uleb128 0x3
 746 0055 0E       		.uleb128 0xe
 747 0056 3A       		.uleb128 0x3a
 748 0057 0B       		.uleb128 0xb
 749 0058 3B       		.uleb128 0x3b
 750 0059 0B       		.uleb128 0xb
ARM GAS  C:\Users\Melody\AppData\Local\Temp\ccPzJjeg.s 			page 20


 751 005a 27       		.uleb128 0x27
 752 005b 19       		.uleb128 0x19
 753 005c 11       		.uleb128 0x11
 754 005d 01       		.uleb128 0x1
 755 005e 12       		.uleb128 0x12
 756 005f 06       		.uleb128 0x6
 757 0060 40       		.uleb128 0x40
 758 0061 18       		.uleb128 0x18
 759 0062 9742     		.uleb128 0x2117
 760 0064 19       		.uleb128 0x19
 761 0065 00       		.byte	0
 762 0066 00       		.byte	0
 763 0067 09       		.uleb128 0x9
 764 0068 2E       		.uleb128 0x2e
 765 0069 01       		.byte	0x1
 766 006a 03       		.uleb128 0x3
 767 006b 0E       		.uleb128 0xe
 768 006c 3A       		.uleb128 0x3a
 769 006d 0B       		.uleb128 0xb
 770 006e 3B       		.uleb128 0x3b
 771 006f 0B       		.uleb128 0xb
 772 0070 27       		.uleb128 0x27
 773 0071 19       		.uleb128 0x19
 774 0072 11       		.uleb128 0x11
 775 0073 01       		.uleb128 0x1
 776 0074 12       		.uleb128 0x12
 777 0075 06       		.uleb128 0x6
 778 0076 40       		.uleb128 0x40
 779 0077 18       		.uleb128 0x18
 780 0078 9742     		.uleb128 0x2117
 781 007a 19       		.uleb128 0x19
 782 007b 01       		.uleb128 0x1
 783 007c 13       		.uleb128 0x13
 784 007d 00       		.byte	0
 785 007e 00       		.byte	0
 786 007f 0A       		.uleb128 0xa
 787 0080 05       		.uleb128 0x5
 788 0081 00       		.byte	0
 789 0082 03       		.uleb128 0x3
 790 0083 08       		.uleb128 0x8
 791 0084 3A       		.uleb128 0x3a
 792 0085 0B       		.uleb128 0xb
 793 0086 3B       		.uleb128 0x3b
 794 0087 0B       		.uleb128 0xb
 795 0088 49       		.uleb128 0x49
 796 0089 13       		.uleb128 0x13
 797 008a 02       		.uleb128 0x2
 798 008b 17       		.uleb128 0x17
 799 008c 00       		.byte	0
 800 008d 00       		.byte	0
 801 008e 0B       		.uleb128 0xb
 802 008f 898201   		.uleb128 0x4109
 803 0092 01       		.byte	0x1
 804 0093 11       		.uleb128 0x11
 805 0094 01       		.uleb128 0x1
 806 0095 31       		.uleb128 0x31
 807 0096 13       		.uleb128 0x13
ARM GAS  C:\Users\Melody\AppData\Local\Temp\ccPzJjeg.s 			page 21


 808 0097 00       		.byte	0
 809 0098 00       		.byte	0
 810 0099 0C       		.uleb128 0xc
 811 009a 8A8201   		.uleb128 0x410a
 812 009d 00       		.byte	0
 813 009e 02       		.uleb128 0x2
 814 009f 18       		.uleb128 0x18
 815 00a0 9142     		.uleb128 0x2111
 816 00a2 18       		.uleb128 0x18
 817 00a3 00       		.byte	0
 818 00a4 00       		.byte	0
 819 00a5 0D       		.uleb128 0xd
 820 00a6 898201   		.uleb128 0x4109
 821 00a9 01       		.byte	0x1
 822 00aa 11       		.uleb128 0x11
 823 00ab 01       		.uleb128 0x1
 824 00ac 31       		.uleb128 0x31
 825 00ad 13       		.uleb128 0x13
 826 00ae 01       		.uleb128 0x1
 827 00af 13       		.uleb128 0x13
 828 00b0 00       		.byte	0
 829 00b1 00       		.byte	0
 830 00b2 0E       		.uleb128 0xe
 831 00b3 2E       		.uleb128 0x2e
 832 00b4 01       		.byte	0x1
 833 00b5 3F       		.uleb128 0x3f
 834 00b6 19       		.uleb128 0x19
 835 00b7 03       		.uleb128 0x3
 836 00b8 0E       		.uleb128 0xe
 837 00b9 3A       		.uleb128 0x3a
 838 00ba 0B       		.uleb128 0xb
 839 00bb 3B       		.uleb128 0x3b
 840 00bc 0B       		.uleb128 0xb
 841 00bd 27       		.uleb128 0x27
 842 00be 19       		.uleb128 0x19
 843 00bf 11       		.uleb128 0x11
 844 00c0 01       		.uleb128 0x1
 845 00c1 12       		.uleb128 0x12
 846 00c2 06       		.uleb128 0x6
 847 00c3 40       		.uleb128 0x40
 848 00c4 18       		.uleb128 0x18
 849 00c5 9742     		.uleb128 0x2117
 850 00c7 19       		.uleb128 0x19
 851 00c8 01       		.uleb128 0x1
 852 00c9 13       		.uleb128 0x13
 853 00ca 00       		.byte	0
 854 00cb 00       		.byte	0
 855 00cc 0F       		.uleb128 0xf
 856 00cd 0B       		.uleb128 0xb
 857 00ce 01       		.byte	0x1
 858 00cf 11       		.uleb128 0x11
 859 00d0 01       		.uleb128 0x1
 860 00d1 12       		.uleb128 0x12
 861 00d2 06       		.uleb128 0x6
 862 00d3 01       		.uleb128 0x1
 863 00d4 13       		.uleb128 0x13
 864 00d5 00       		.byte	0
ARM GAS  C:\Users\Melody\AppData\Local\Temp\ccPzJjeg.s 			page 22


 865 00d6 00       		.byte	0
 866 00d7 10       		.uleb128 0x10
 867 00d8 13       		.uleb128 0x13
 868 00d9 01       		.byte	0x1
 869 00da 0B       		.uleb128 0xb
 870 00db 0B       		.uleb128 0xb
 871 00dc 3A       		.uleb128 0x3a
 872 00dd 0B       		.uleb128 0xb
 873 00de 3B       		.uleb128 0x3b
 874 00df 05       		.uleb128 0x5
 875 00e0 01       		.uleb128 0x1
 876 00e1 13       		.uleb128 0x13
 877 00e2 00       		.byte	0
 878 00e3 00       		.byte	0
 879 00e4 11       		.uleb128 0x11
 880 00e5 0D       		.uleb128 0xd
 881 00e6 00       		.byte	0
 882 00e7 03       		.uleb128 0x3
 883 00e8 0E       		.uleb128 0xe
 884 00e9 3A       		.uleb128 0x3a
 885 00ea 0B       		.uleb128 0xb
 886 00eb 3B       		.uleb128 0x3b
 887 00ec 05       		.uleb128 0x5
 888 00ed 49       		.uleb128 0x49
 889 00ee 13       		.uleb128 0x13
 890 00ef 38       		.uleb128 0x38
 891 00f0 0B       		.uleb128 0xb
 892 00f1 00       		.byte	0
 893 00f2 00       		.byte	0
 894 00f3 12       		.uleb128 0x12
 895 00f4 01       		.uleb128 0x1
 896 00f5 01       		.byte	0x1
 897 00f6 49       		.uleb128 0x49
 898 00f7 13       		.uleb128 0x13
 899 00f8 01       		.uleb128 0x1
 900 00f9 13       		.uleb128 0x13
 901 00fa 00       		.byte	0
 902 00fb 00       		.byte	0
 903 00fc 13       		.uleb128 0x13
 904 00fd 21       		.uleb128 0x21
 905 00fe 00       		.byte	0
 906 00ff 49       		.uleb128 0x49
 907 0100 13       		.uleb128 0x13
 908 0101 2F       		.uleb128 0x2f
 909 0102 0B       		.uleb128 0xb
 910 0103 00       		.byte	0
 911 0104 00       		.byte	0
 912 0105 14       		.uleb128 0x14
 913 0106 26       		.uleb128 0x26
 914 0107 00       		.byte	0
 915 0108 49       		.uleb128 0x49
 916 0109 13       		.uleb128 0x13
 917 010a 00       		.byte	0
 918 010b 00       		.byte	0
 919 010c 15       		.uleb128 0x15
 920 010d 34       		.uleb128 0x34
 921 010e 00       		.byte	0
ARM GAS  C:\Users\Melody\AppData\Local\Temp\ccPzJjeg.s 			page 23


 922 010f 03       		.uleb128 0x3
 923 0110 0E       		.uleb128 0xe
 924 0111 3A       		.uleb128 0x3a
 925 0112 0B       		.uleb128 0xb
 926 0113 3B       		.uleb128 0x3b
 927 0114 05       		.uleb128 0x5
 928 0115 49       		.uleb128 0x49
 929 0116 13       		.uleb128 0x13
 930 0117 02       		.uleb128 0x2
 931 0118 18       		.uleb128 0x18
 932 0119 00       		.byte	0
 933 011a 00       		.byte	0
 934 011b 16       		.uleb128 0x16
 935 011c 34       		.uleb128 0x34
 936 011d 00       		.byte	0
 937 011e 03       		.uleb128 0x3
 938 011f 08       		.uleb128 0x8
 939 0120 3A       		.uleb128 0x3a
 940 0121 0B       		.uleb128 0xb
 941 0122 3B       		.uleb128 0x3b
 942 0123 05       		.uleb128 0x5
 943 0124 49       		.uleb128 0x49
 944 0125 13       		.uleb128 0x13
 945 0126 02       		.uleb128 0x2
 946 0127 17       		.uleb128 0x17
 947 0128 00       		.byte	0
 948 0129 00       		.byte	0
 949 012a 17       		.uleb128 0x17
 950 012b 0B       		.uleb128 0xb
 951 012c 01       		.byte	0x1
 952 012d 11       		.uleb128 0x11
 953 012e 01       		.uleb128 0x1
 954 012f 12       		.uleb128 0x12
 955 0130 06       		.uleb128 0x6
 956 0131 00       		.byte	0
 957 0132 00       		.byte	0
 958 0133 18       		.uleb128 0x18
 959 0134 0F       		.uleb128 0xf
 960 0135 00       		.byte	0
 961 0136 0B       		.uleb128 0xb
 962 0137 0B       		.uleb128 0xb
 963 0138 49       		.uleb128 0x49
 964 0139 13       		.uleb128 0x13
 965 013a 00       		.byte	0
 966 013b 00       		.byte	0
 967 013c 19       		.uleb128 0x19
 968 013d 898201   		.uleb128 0x4109
 969 0140 00       		.byte	0
 970 0141 11       		.uleb128 0x11
 971 0142 01       		.uleb128 0x1
 972 0143 31       		.uleb128 0x31
 973 0144 13       		.uleb128 0x13
 974 0145 00       		.byte	0
 975 0146 00       		.byte	0
 976 0147 1A       		.uleb128 0x1a
 977 0148 2E       		.uleb128 0x2e
 978 0149 00       		.byte	0
ARM GAS  C:\Users\Melody\AppData\Local\Temp\ccPzJjeg.s 			page 24


 979 014a 3F       		.uleb128 0x3f
 980 014b 19       		.uleb128 0x19
 981 014c 3C       		.uleb128 0x3c
 982 014d 19       		.uleb128 0x19
 983 014e 6E       		.uleb128 0x6e
 984 014f 0E       		.uleb128 0xe
 985 0150 03       		.uleb128 0x3
 986 0151 0E       		.uleb128 0xe
 987 0152 00       		.byte	0
 988 0153 00       		.byte	0
 989 0154 1B       		.uleb128 0x1b
 990 0155 2E       		.uleb128 0x2e
 991 0156 00       		.byte	0
 992 0157 3F       		.uleb128 0x3f
 993 0158 19       		.uleb128 0x19
 994 0159 3C       		.uleb128 0x3c
 995 015a 19       		.uleb128 0x19
 996 015b 6E       		.uleb128 0x6e
 997 015c 0E       		.uleb128 0xe
 998 015d 03       		.uleb128 0x3
 999 015e 0E       		.uleb128 0xe
 1000 015f 3A       		.uleb128 0x3a
 1001 0160 0B       		.uleb128 0xb
 1002 0161 3B       		.uleb128 0x3b
 1003 0162 0B       		.uleb128 0xb
 1004 0163 00       		.byte	0
 1005 0164 00       		.byte	0
 1006 0165 00       		.byte	0
 1007              		.section	.debug_loc,"",%progbits
 1008              	.Ldebug_loc0:
 1009              	.LLST0:
 1010 0000 00000000 		.4byte	.LVL0
 1011 0004 09000000 		.4byte	.LVL2-1
 1012 0008 0100     		.2byte	0x1
 1013 000a 50       		.byte	0x50
 1014 000b 09000000 		.4byte	.LVL2-1
 1015 000f 0C000000 		.4byte	.LFE1
 1016 0013 0400     		.2byte	0x4
 1017 0015 F3       		.byte	0xf3
 1018 0016 01       		.uleb128 0x1
 1019 0017 50       		.byte	0x50
 1020 0018 9F       		.byte	0x9f
 1021 0019 00000000 		.4byte	0
 1022 001d 00000000 		.4byte	0
 1023              	.LLST1:
 1024 0021 00000000 		.4byte	.LVL0
 1025 0025 06000000 		.4byte	.LVL1
 1026 0029 0100     		.2byte	0x1
 1027 002b 51       		.byte	0x51
 1028 002c 06000000 		.4byte	.LVL1
 1029 0030 09000000 		.4byte	.LVL2-1
 1030 0034 0100     		.2byte	0x1
 1031 0036 52       		.byte	0x52
 1032 0037 09000000 		.4byte	.LVL2-1
 1033 003b 0C000000 		.4byte	.LFE1
 1034 003f 0400     		.2byte	0x4
 1035 0041 F3       		.byte	0xf3
ARM GAS  C:\Users\Melody\AppData\Local\Temp\ccPzJjeg.s 			page 25


 1036 0042 01       		.uleb128 0x1
 1037 0043 51       		.byte	0x51
 1038 0044 9F       		.byte	0x9f
 1039 0045 00000000 		.4byte	0
 1040 0049 00000000 		.4byte	0
 1041              	.LLST2:
 1042 004d 90000000 		.4byte	.LVL6
 1043 0051 94000000 		.4byte	.LVL7
 1044 0055 0200     		.2byte	0x2
 1045 0057 30       		.byte	0x30
 1046 0058 9F       		.byte	0x9f
 1047 0059 94000000 		.4byte	.LVL7
 1048 005d B2000000 		.4byte	.LVL9
 1049 0061 0100     		.2byte	0x1
 1050 0063 54       		.byte	0x54
 1051 0064 B4000000 		.4byte	.LVL10
 1052 0068 0E010000 		.4byte	.LVL13
 1053 006c 0100     		.2byte	0x1
 1054 006e 54       		.byte	0x54
 1055 006f 00000000 		.4byte	0
 1056 0073 00000000 		.4byte	0
 1057              	.LLST3:
 1058 0077 94000000 		.4byte	.LVL7
 1059 007b B2000000 		.4byte	.LVL9
 1060 007f 0B00     		.2byte	0xb
 1061 0081 74       		.byte	0x74
 1062 0082 00       		.sleb128 0
 1063 0083 36       		.byte	0x36
 1064 0084 1E       		.byte	0x1e
 1065 0085 03       		.byte	0x3
 1066 0086 00000000 		.4byte	cfg_memset_list.4888
 1067 008a 22       		.byte	0x22
 1068 008b 9F       		.byte	0x9f
 1069 008c B2000000 		.4byte	.LVL9
 1070 0090 B4000000 		.4byte	.LVL10
 1071 0094 0B00     		.2byte	0xb
 1072 0096 74       		.byte	0x74
 1073 0097 7F       		.sleb128 -1
 1074 0098 36       		.byte	0x36
 1075 0099 1E       		.byte	0x1e
 1076 009a 03       		.byte	0x3
 1077 009b 00000000 		.4byte	cfg_memset_list.4888
 1078 009f 22       		.byte	0x22
 1079 00a0 9F       		.byte	0x9f
 1080 00a1 00000000 		.4byte	0
 1081 00a5 00000000 		.4byte	0
 1082              		.section	.debug_aranges,"",%progbits
 1083 0000 34000000 		.4byte	0x34
 1084 0004 0200     		.2byte	0x2
 1085 0006 00000000 		.4byte	.Ldebug_info0
 1086 000a 04       		.byte	0x4
 1087 000b 00       		.byte	0
 1088 000c 0000     		.2byte	0
 1089 000e 0000     		.2byte	0
 1090 0010 00000000 		.4byte	.LFB5
 1091 0014 20000000 		.4byte	.LFE5-.LFB5
 1092 0018 00000000 		.4byte	.LFB1
ARM GAS  C:\Users\Melody\AppData\Local\Temp\ccPzJjeg.s 			page 26


 1093 001c 0C000000 		.4byte	.LFE1-.LFB1
 1094 0020 00000000 		.4byte	.LFB4
 1095 0024 8C000000 		.4byte	.LFE4-.LFB4
 1096 0028 8C000000 		.4byte	.LFB6
 1097 002c C0000000 		.4byte	.LFE6-.LFB6
 1098 0030 00000000 		.4byte	0
 1099 0034 00000000 		.4byte	0
 1100              		.section	.debug_ranges,"",%progbits
 1101              	.Ldebug_ranges0:
 1102 0000 00000000 		.4byte	.LFB5
 1103 0004 20000000 		.4byte	.LFE5
 1104 0008 00000000 		.4byte	.LFB1
 1105 000c 0C000000 		.4byte	.LFE1
 1106 0010 00000000 		.4byte	.LFB4
 1107 0014 8C000000 		.4byte	.LFE4
 1108 0018 8C000000 		.4byte	.LFB6
 1109 001c 4C010000 		.4byte	.LFE6
 1110 0020 00000000 		.4byte	0
 1111 0024 00000000 		.4byte	0
 1112              		.section	.debug_line,"",%progbits
 1113              	.Ldebug_line0:
 1114 0000 49010000 		.section	.debug_str,"MS",%progbits,1
 1114      0200D600 
 1114      00000201 
 1114      FB0E0D00 
 1114      01010101 
 1115              	.LASF19:
 1116 0000 72656733 		.ascii	"reg32\000"
 1116      3200
 1117              	.LASF12:
 1118 0006 73697A65 		.ascii	"size_t\000"
 1118      5F7400
 1119              	.LASF32:
 1120 000d 416E616C 		.ascii	"AnalogSetDefault\000"
 1120      6F675365 
 1120      74446566 
 1120      61756C74 
 1120      00
 1121              	.LASF27:
 1122 001e 4379496E 		.ascii	"CyIntSetVector\000"
 1122      74536574 
 1122      56656374 
 1122      6F7200
 1123              	.LASF25:
 1124 002d 6366675F 		.ascii	"cfg_memset_list\000"
 1124      6D656D73 
 1124      65745F6C 
 1124      69737400 
 1125              	.LASF21:
 1126 003d 436C6F63 		.ascii	"ClockSetup\000"
 1126      6B536574 
 1126      757000
 1127              	.LASF6:
 1128 0048 73686F72 		.ascii	"short unsigned int\000"
 1128      7420756E 
 1128      7369676E 
 1128      65642069 
ARM GAS  C:\Users\Melody\AppData\Local\Temp\ccPzJjeg.s 			page 27


 1128      6E7400
 1129              	.LASF16:
 1130 005b 666C6F61 		.ascii	"float\000"
 1130      7400
 1131              	.LASF23:
 1132 0061 73697A65 		.ascii	"size\000"
 1132      00
 1133              	.LASF18:
 1134 0066 72656738 		.ascii	"reg8\000"
 1134      00
 1135              	.LASF8:
 1136 006b 6C6F6E67 		.ascii	"long unsigned int\000"
 1136      20756E73 
 1136      69676E65 
 1136      6420696E 
 1136      7400
 1137              	.LASF13:
 1138 007d 75696E74 		.ascii	"uint8\000"
 1138      3800
 1139              	.LASF20:
 1140 0083 43594D45 		.ascii	"CYMEMZERO\000"
 1140      4D5A4552 
 1140      4F00
 1141              	.LASF4:
 1142 008d 756E7369 		.ascii	"unsigned char\000"
 1142      676E6564 
 1142      20636861 
 1142      7200
 1143              	.LASF34:
 1144 009b 6D656D73 		.ascii	"memset\000"
 1144      657400
 1145              	.LASF17:
 1146 00a2 646F7562 		.ascii	"double\000"
 1146      6C6500
 1147              	.LASF28:
 1148 00a9 4379496E 		.ascii	"CyIntEnable\000"
 1148      74456E61 
 1148      626C6500 
 1149              	.LASF14:
 1150 00b5 75696E74 		.ascii	"uint16\000"
 1150      313600
 1151              	.LASF15:
 1152 00bc 75696E74 		.ascii	"uint32\000"
 1152      333200
 1153              	.LASF0:
 1154 00c3 756E7369 		.ascii	"unsigned int\000"
 1154      676E6564 
 1154      20696E74 
 1154      00
 1155              	.LASF33:
 1156 00d0 63796669 		.ascii	"cyfitter_cfg\000"
 1156      74746572 
 1156      5F636667 
 1156      00
 1157              	.LASF22:
 1158 00dd 61646472 		.ascii	"address\000"
 1158      65737300 
ARM GAS  C:\Users\Melody\AppData\Local\Temp\ccPzJjeg.s 			page 28


 1159              	.LASF9:
 1160 00e5 6C6F6E67 		.ascii	"long long unsigned int\000"
 1160      206C6F6E 
 1160      6720756E 
 1160      7369676E 
 1160      65642069 
 1161              	.LASF31:
 1162 00fc 433A5C55 		.ascii	"C:\\Users\\Melody\\Desktop\\Programming Stuff\\Dash"
 1162      73657273 
 1162      5C4D656C 
 1162      6F64795C 
 1162      4465736B 
 1163 012a 626F6172 		.ascii	"board-Firmware-FE9-main\\Dashboard-Firmware-FE9\\CA"
 1163      642D4669 
 1163      726D7761 
 1163      72652D46 
 1163      45392D6D 
 1164 015b 4E5F4675 		.ascii	"N_Full_P4_Example01.cydsn\000"
 1164      6C6C5F50 
 1164      345F4578 
 1164      616D706C 
 1164      6530312E 
 1165              	.LASF29:
 1166 0175 474E5520 		.ascii	"GNU C11 5.4.1 20160609 (release) [ARM/embedded-5-br"
 1166      43313120 
 1166      352E342E 
 1166      31203230 
 1166      31363036 
 1167 01a8 616E6368 		.ascii	"anch revision 237715] -mcpu=cortex-m0 -mthumb -g -O"
 1167      20726576 
 1167      6973696F 
 1167      6E203233 
 1167      37373135 
 1168 01db 67202D66 		.ascii	"g -ffunction-sections -ffat-lto-objects\000"
 1168      66756E63 
 1168      74696F6E 
 1168      2D736563 
 1168      74696F6E 
 1169              	.LASF24:
 1170 0203 6366675F 		.ascii	"cfg_memset_t\000"
 1170      6D656D73 
 1170      65745F74 
 1170      00
 1171              	.LASF10:
 1172 0210 73697A65 		.ascii	"sizetype\000"
 1172      74797065 
 1172      00
 1173              	.LASF1:
 1174 0219 6C6F6E67 		.ascii	"long long int\000"
 1174      206C6F6E 
 1174      6720696E 
 1174      7400
 1175              	.LASF11:
 1176 0227 63686172 		.ascii	"char\000"
 1176      00
 1177              	.LASF5:
 1178 022c 73686F72 		.ascii	"short int\000"
ARM GAS  C:\Users\Melody\AppData\Local\Temp\ccPzJjeg.s 			page 29


 1178      7420696E 
 1178      7400
 1179              	.LASF26:
 1180 0236 43795379 		.ascii	"CySysClkWriteImoFreq\000"
 1180      73436C6B 
 1180      57726974 
 1180      65496D6F 
 1180      46726571 
 1181              	.LASF7:
 1182 024b 6C6F6E67 		.ascii	"long int\000"
 1182      20696E74 
 1182      00
 1183              	.LASF2:
 1184 0254 6C6F6E67 		.ascii	"long double\000"
 1184      20646F75 
 1184      626C6500 
 1185              	.LASF3:
 1186 0260 7369676E 		.ascii	"signed char\000"
 1186      65642063 
 1186      68617200 
 1187              	.LASF30:
 1188 026c 47656E65 		.ascii	"Generated_Source\\PSoC4\\cyfitter_cfg.c\000"
 1188      72617465 
 1188      645F536F 
 1188      75726365 
 1188      5C50536F 
 1189              		.ident	"GCC: (GNU Tools for ARM Embedded Processors) 5.4.1 20160609 (release) [ARM/embedded-5-bran
