ARM GAS  C:\Users\Melody\AppData\Local\Temp\ccPkIRrk.s 			page 1


   1              		.syntax unified
   2              		.cpu cortex-m0
   3              		.fpu softvfp
   4              		.eabi_attribute 20, 1
   5              		.eabi_attribute 21, 1
   6              		.eabi_attribute 23, 3
   7              		.eabi_attribute 24, 1
   8              		.eabi_attribute 25, 1
   9              		.eabi_attribute 26, 1
  10              		.eabi_attribute 30, 1
  11              		.eabi_attribute 34, 0
  12              		.eabi_attribute 18, 4
  13              		.thumb
  14              		.syntax unified
  15              		.file	"cyfitter_cfg.c"
  16              		.text
  17              	.Ltext0:
  18              		.cfi_sections	.debug_frame
  19              		.section	.text.AnalogSetDefault,"ax",%progbits
  20              		.align	2
  21              		.code	16
  22              		.thumb_func
  23              		.type	AnalogSetDefault, %function
  24              	AnalogSetDefault:
  25              	.LFB5:
  26              		.file 1 "Generated_Source\\PSoC4\\cyfitter_cfg.c"
   1:Generated_Source\PSoC4/cyfitter_cfg.c **** 
   2:Generated_Source\PSoC4/cyfitter_cfg.c **** /*******************************************************************************
   3:Generated_Source\PSoC4/cyfitter_cfg.c **** * File Name: cyfitter_cfg.c
   4:Generated_Source\PSoC4/cyfitter_cfg.c **** * 
   5:Generated_Source\PSoC4/cyfitter_cfg.c **** * PSoC Creator  4.4
   6:Generated_Source\PSoC4/cyfitter_cfg.c **** *
   7:Generated_Source\PSoC4/cyfitter_cfg.c **** * Description:
   8:Generated_Source\PSoC4/cyfitter_cfg.c **** * This file contains device initialization code.
   9:Generated_Source\PSoC4/cyfitter_cfg.c **** * Except for the user defined sections in CyClockStartupError(), this file should not be modified.
  10:Generated_Source\PSoC4/cyfitter_cfg.c **** * This file is automatically generated by PSoC Creator.
  11:Generated_Source\PSoC4/cyfitter_cfg.c **** *
  12:Generated_Source\PSoC4/cyfitter_cfg.c **** ********************************************************************************
  13:Generated_Source\PSoC4/cyfitter_cfg.c **** * Copyright (c) 2007-2020 Cypress Semiconductor.  All rights reserved.
  14:Generated_Source\PSoC4/cyfitter_cfg.c **** * You may use this file only in accordance with the license, terms, conditions, 
  15:Generated_Source\PSoC4/cyfitter_cfg.c **** * disclaimers, and limitations in the end user license agreement accompanying 
  16:Generated_Source\PSoC4/cyfitter_cfg.c **** * the software package with which this file was provided.
  17:Generated_Source\PSoC4/cyfitter_cfg.c **** ********************************************************************************/
  18:Generated_Source\PSoC4/cyfitter_cfg.c **** 
  19:Generated_Source\PSoC4/cyfitter_cfg.c **** #include <string.h>
  20:Generated_Source\PSoC4/cyfitter_cfg.c **** #include "cytypes.h"
  21:Generated_Source\PSoC4/cyfitter_cfg.c **** #include "cydevice_trm.h"
  22:Generated_Source\PSoC4/cyfitter_cfg.c **** #include "cyfitter.h"
  23:Generated_Source\PSoC4/cyfitter_cfg.c **** #include "CyLib.h"
  24:Generated_Source\PSoC4/cyfitter_cfg.c **** #include "CyLFClk.h"
  25:Generated_Source\PSoC4/cyfitter_cfg.c **** #include "cyfitter_cfg.h"
  26:Generated_Source\PSoC4/cyfitter_cfg.c **** #include "cyapicallbacks.h"
  27:Generated_Source\PSoC4/cyfitter_cfg.c **** 
  28:Generated_Source\PSoC4/cyfitter_cfg.c **** 
  29:Generated_Source\PSoC4/cyfitter_cfg.c **** #if defined(__GNUC__) || defined(__ARMCC_VERSION)
  30:Generated_Source\PSoC4/cyfitter_cfg.c ****     #define CYPACKED 
  31:Generated_Source\PSoC4/cyfitter_cfg.c ****     #define CYPACKED_ATTR __attribute__ ((packed))
ARM GAS  C:\Users\Melody\AppData\Local\Temp\ccPkIRrk.s 			page 2


  32:Generated_Source\PSoC4/cyfitter_cfg.c ****     #define CYALIGNED __attribute__ ((aligned))
  33:Generated_Source\PSoC4/cyfitter_cfg.c ****     #define CY_CFG_UNUSED __attribute__ ((unused))
  34:Generated_Source\PSoC4/cyfitter_cfg.c ****     #ifndef CY_CFG_SECTION
  35:Generated_Source\PSoC4/cyfitter_cfg.c ****         #define CY_CFG_SECTION __attribute__ ((section(".psocinit")))
  36:Generated_Source\PSoC4/cyfitter_cfg.c ****     #endif
  37:Generated_Source\PSoC4/cyfitter_cfg.c ****     
  38:Generated_Source\PSoC4/cyfitter_cfg.c ****     #if defined(__ARMCC_VERSION)
  39:Generated_Source\PSoC4/cyfitter_cfg.c ****         #define CY_CFG_MEMORY_BARRIER() __memory_changed()
  40:Generated_Source\PSoC4/cyfitter_cfg.c ****     #else
  41:Generated_Source\PSoC4/cyfitter_cfg.c ****         #define CY_CFG_MEMORY_BARRIER() __sync_synchronize()
  42:Generated_Source\PSoC4/cyfitter_cfg.c ****     #endif
  43:Generated_Source\PSoC4/cyfitter_cfg.c ****     
  44:Generated_Source\PSoC4/cyfitter_cfg.c **** #elif defined(__ICCARM__)
  45:Generated_Source\PSoC4/cyfitter_cfg.c ****     #include <intrinsics.h>
  46:Generated_Source\PSoC4/cyfitter_cfg.c **** 
  47:Generated_Source\PSoC4/cyfitter_cfg.c ****     #define CYPACKED __packed
  48:Generated_Source\PSoC4/cyfitter_cfg.c ****     #define CYPACKED_ATTR 
  49:Generated_Source\PSoC4/cyfitter_cfg.c ****     #define CYALIGNED _Pragma("data_alignment=4")
  50:Generated_Source\PSoC4/cyfitter_cfg.c ****     #define CY_CFG_UNUSED _Pragma("diag_suppress=Pe177")
  51:Generated_Source\PSoC4/cyfitter_cfg.c ****     #define CY_CFG_SECTION _Pragma("location=\".psocinit\"")
  52:Generated_Source\PSoC4/cyfitter_cfg.c ****     
  53:Generated_Source\PSoC4/cyfitter_cfg.c ****     #define CY_CFG_MEMORY_BARRIER() __DMB()
  54:Generated_Source\PSoC4/cyfitter_cfg.c ****     
  55:Generated_Source\PSoC4/cyfitter_cfg.c **** #else
  56:Generated_Source\PSoC4/cyfitter_cfg.c ****     #error Unsupported toolchain
  57:Generated_Source\PSoC4/cyfitter_cfg.c **** #endif
  58:Generated_Source\PSoC4/cyfitter_cfg.c **** 
  59:Generated_Source\PSoC4/cyfitter_cfg.c **** #ifndef CYCODE
  60:Generated_Source\PSoC4/cyfitter_cfg.c ****     #define CYCODE
  61:Generated_Source\PSoC4/cyfitter_cfg.c **** #endif
  62:Generated_Source\PSoC4/cyfitter_cfg.c **** #ifndef CYDATA
  63:Generated_Source\PSoC4/cyfitter_cfg.c ****     #define CYDATA
  64:Generated_Source\PSoC4/cyfitter_cfg.c **** #endif
  65:Generated_Source\PSoC4/cyfitter_cfg.c **** #ifndef CYFAR
  66:Generated_Source\PSoC4/cyfitter_cfg.c ****     #define CYFAR
  67:Generated_Source\PSoC4/cyfitter_cfg.c **** #endif
  68:Generated_Source\PSoC4/cyfitter_cfg.c **** #ifndef CYXDATA
  69:Generated_Source\PSoC4/cyfitter_cfg.c ****     #define CYXDATA
  70:Generated_Source\PSoC4/cyfitter_cfg.c **** #endif
  71:Generated_Source\PSoC4/cyfitter_cfg.c **** 
  72:Generated_Source\PSoC4/cyfitter_cfg.c **** 
  73:Generated_Source\PSoC4/cyfitter_cfg.c **** CY_CFG_UNUSED
  74:Generated_Source\PSoC4/cyfitter_cfg.c **** static void CYMEMZERO(void *s, size_t n);
  75:Generated_Source\PSoC4/cyfitter_cfg.c **** CY_CFG_UNUSED
  76:Generated_Source\PSoC4/cyfitter_cfg.c **** static void CYMEMZERO(void *s, size_t n)
  77:Generated_Source\PSoC4/cyfitter_cfg.c **** {
  78:Generated_Source\PSoC4/cyfitter_cfg.c **** 	(void)memset(s, 0, n);
  79:Generated_Source\PSoC4/cyfitter_cfg.c **** }
  80:Generated_Source\PSoC4/cyfitter_cfg.c **** CY_CFG_UNUSED
  81:Generated_Source\PSoC4/cyfitter_cfg.c **** static void CYCONFIGCPY(void *dest, const void *src, size_t n);
  82:Generated_Source\PSoC4/cyfitter_cfg.c **** CY_CFG_UNUSED
  83:Generated_Source\PSoC4/cyfitter_cfg.c **** static void CYCONFIGCPY(void *dest, const void *src, size_t n)
  84:Generated_Source\PSoC4/cyfitter_cfg.c **** {
  85:Generated_Source\PSoC4/cyfitter_cfg.c **** 	(void)memcpy(dest, src, n);
  86:Generated_Source\PSoC4/cyfitter_cfg.c **** }
  87:Generated_Source\PSoC4/cyfitter_cfg.c **** CY_CFG_UNUSED
  88:Generated_Source\PSoC4/cyfitter_cfg.c **** static void CYCONFIGCPYCODE(void *dest, const void *src, size_t n);
ARM GAS  C:\Users\Melody\AppData\Local\Temp\ccPkIRrk.s 			page 3


  89:Generated_Source\PSoC4/cyfitter_cfg.c **** CY_CFG_UNUSED
  90:Generated_Source\PSoC4/cyfitter_cfg.c **** static void CYCONFIGCPYCODE(void *dest, const void *src, size_t n)
  91:Generated_Source\PSoC4/cyfitter_cfg.c **** {
  92:Generated_Source\PSoC4/cyfitter_cfg.c **** 	(void)memcpy(dest, src, n);
  93:Generated_Source\PSoC4/cyfitter_cfg.c **** }
  94:Generated_Source\PSoC4/cyfitter_cfg.c **** 
  95:Generated_Source\PSoC4/cyfitter_cfg.c **** 
  96:Generated_Source\PSoC4/cyfitter_cfg.c **** 
  97:Generated_Source\PSoC4/cyfitter_cfg.c **** 
  98:Generated_Source\PSoC4/cyfitter_cfg.c **** /* Clock startup error codes                                                   */
  99:Generated_Source\PSoC4/cyfitter_cfg.c **** #define CYCLOCKSTART_NO_ERROR    0u
 100:Generated_Source\PSoC4/cyfitter_cfg.c **** #define CYCLOCKSTART_XTAL_ERROR  1u
 101:Generated_Source\PSoC4/cyfitter_cfg.c **** #define CYCLOCKSTART_32KHZ_ERROR 2u
 102:Generated_Source\PSoC4/cyfitter_cfg.c **** #define CYCLOCKSTART_PLL_ERROR   3u
 103:Generated_Source\PSoC4/cyfitter_cfg.c **** #define CYCLOCKSTART_FLL_ERROR   4u
 104:Generated_Source\PSoC4/cyfitter_cfg.c **** #define CYCLOCKSTART_WCO_ERROR   5u
 105:Generated_Source\PSoC4/cyfitter_cfg.c **** 
 106:Generated_Source\PSoC4/cyfitter_cfg.c **** 
 107:Generated_Source\PSoC4/cyfitter_cfg.c **** #ifdef CY_NEED_CYCLOCKSTARTUPERROR
 108:Generated_Source\PSoC4/cyfitter_cfg.c **** /*******************************************************************************
 109:Generated_Source\PSoC4/cyfitter_cfg.c **** * Function Name: CyClockStartupError
 110:Generated_Source\PSoC4/cyfitter_cfg.c **** ********************************************************************************
 111:Generated_Source\PSoC4/cyfitter_cfg.c **** * Summary:
 112:Generated_Source\PSoC4/cyfitter_cfg.c **** *  If an error is encountered during clock configuration (crystal startup error,
 113:Generated_Source\PSoC4/cyfitter_cfg.c **** *  PLL lock error, etc.), the system will end up here.  Unless reimplemented by
 114:Generated_Source\PSoC4/cyfitter_cfg.c **** *  the customer, this function will stop in an infinite loop.
 115:Generated_Source\PSoC4/cyfitter_cfg.c **** *
 116:Generated_Source\PSoC4/cyfitter_cfg.c **** * Parameters:
 117:Generated_Source\PSoC4/cyfitter_cfg.c **** *   void
 118:Generated_Source\PSoC4/cyfitter_cfg.c **** *
 119:Generated_Source\PSoC4/cyfitter_cfg.c **** * Return:
 120:Generated_Source\PSoC4/cyfitter_cfg.c **** *   void
 121:Generated_Source\PSoC4/cyfitter_cfg.c **** *
 122:Generated_Source\PSoC4/cyfitter_cfg.c **** *******************************************************************************/
 123:Generated_Source\PSoC4/cyfitter_cfg.c **** CY_CFG_UNUSED
 124:Generated_Source\PSoC4/cyfitter_cfg.c **** static void CyClockStartupError(uint8 errorCode);
 125:Generated_Source\PSoC4/cyfitter_cfg.c **** CY_CFG_UNUSED
 126:Generated_Source\PSoC4/cyfitter_cfg.c **** static void CyClockStartupError(uint8 errorCode)
 127:Generated_Source\PSoC4/cyfitter_cfg.c **** {
 128:Generated_Source\PSoC4/cyfitter_cfg.c ****     /* To remove the compiler warning if errorCode not used.                */
 129:Generated_Source\PSoC4/cyfitter_cfg.c ****     errorCode = errorCode;
 130:Generated_Source\PSoC4/cyfitter_cfg.c **** 
 131:Generated_Source\PSoC4/cyfitter_cfg.c ****     /* If we have a clock startup error (bad MHz crystal, PLL lock, etc.),  */
 132:Generated_Source\PSoC4/cyfitter_cfg.c ****     /* we will end up here to allow the customer to implement something to  */
 133:Generated_Source\PSoC4/cyfitter_cfg.c ****     /* deal with the clock condition.                                       */
 134:Generated_Source\PSoC4/cyfitter_cfg.c **** 
 135:Generated_Source\PSoC4/cyfitter_cfg.c **** #ifdef CY_CFG_CLOCK_STARTUP_ERROR_CALLBACK
 136:Generated_Source\PSoC4/cyfitter_cfg.c ****     CY_CFG_Clock_Startup_ErrorCallback();
 137:Generated_Source\PSoC4/cyfitter_cfg.c **** #else
 138:Generated_Source\PSoC4/cyfitter_cfg.c ****     /*  If not using CY_CFG_CLOCK_STARTUP_ERROR_CALLBACK, place your clock startup code here. */
 139:Generated_Source\PSoC4/cyfitter_cfg.c ****     /* `#START CyClockStartupError` */
 140:Generated_Source\PSoC4/cyfitter_cfg.c **** 
 141:Generated_Source\PSoC4/cyfitter_cfg.c **** 
 142:Generated_Source\PSoC4/cyfitter_cfg.c **** 
 143:Generated_Source\PSoC4/cyfitter_cfg.c ****     /* `#END` */
 144:Generated_Source\PSoC4/cyfitter_cfg.c **** 
 145:Generated_Source\PSoC4/cyfitter_cfg.c ****     while(1) {}
ARM GAS  C:\Users\Melody\AppData\Local\Temp\ccPkIRrk.s 			page 4


 146:Generated_Source\PSoC4/cyfitter_cfg.c **** #endif /* CY_CFG_CLOCK_STARTUP_ERROR_CALLBACK */
 147:Generated_Source\PSoC4/cyfitter_cfg.c **** }
 148:Generated_Source\PSoC4/cyfitter_cfg.c **** #endif
 149:Generated_Source\PSoC4/cyfitter_cfg.c **** 
 150:Generated_Source\PSoC4/cyfitter_cfg.c **** 
 151:Generated_Source\PSoC4/cyfitter_cfg.c **** 
 152:Generated_Source\PSoC4/cyfitter_cfg.c **** /*******************************************************************************
 153:Generated_Source\PSoC4/cyfitter_cfg.c **** * Function Name: ClockSetup
 154:Generated_Source\PSoC4/cyfitter_cfg.c **** ********************************************************************************
 155:Generated_Source\PSoC4/cyfitter_cfg.c **** *
 156:Generated_Source\PSoC4/cyfitter_cfg.c **** * Summary:
 157:Generated_Source\PSoC4/cyfitter_cfg.c **** *   Performs the initialization of all of the clocks in the device based on the
 158:Generated_Source\PSoC4/cyfitter_cfg.c **** *   settings in the Clock tab of the DWR.  This includes enabling the requested
 159:Generated_Source\PSoC4/cyfitter_cfg.c **** *   clocks and setting the necessary dividers to produce the desired frequency. 
 160:Generated_Source\PSoC4/cyfitter_cfg.c **** *
 161:Generated_Source\PSoC4/cyfitter_cfg.c **** * Parameters:
 162:Generated_Source\PSoC4/cyfitter_cfg.c **** *   void
 163:Generated_Source\PSoC4/cyfitter_cfg.c **** *
 164:Generated_Source\PSoC4/cyfitter_cfg.c **** * Return:
 165:Generated_Source\PSoC4/cyfitter_cfg.c **** *   void
 166:Generated_Source\PSoC4/cyfitter_cfg.c **** *
 167:Generated_Source\PSoC4/cyfitter_cfg.c **** *******************************************************************************/
 168:Generated_Source\PSoC4/cyfitter_cfg.c **** static void ClockSetup(void);
 169:Generated_Source\PSoC4/cyfitter_cfg.c **** CY_CFG_SECTION
 170:Generated_Source\PSoC4/cyfitter_cfg.c **** static void ClockSetup(void)
 171:Generated_Source\PSoC4/cyfitter_cfg.c **** {
 172:Generated_Source\PSoC4/cyfitter_cfg.c **** 
 173:Generated_Source\PSoC4/cyfitter_cfg.c **** 	/* Set Flash Cycles based on max possible frequency in case a glitch occurs during ClockSetup(). *
 174:Generated_Source\PSoC4/cyfitter_cfg.c **** 	CY_SET_REG32((void CYXDATA *)(CYREG_CPUSS_FLASH_CTL), (0x0012u));
 175:Generated_Source\PSoC4/cyfitter_cfg.c **** 	/* Setup and trim IMO based on desired frequency. */
 176:Generated_Source\PSoC4/cyfitter_cfg.c **** 	CySysClkWriteImoFreq(48u);
 177:Generated_Source\PSoC4/cyfitter_cfg.c **** 	/* CYDEV_CLK_ILO_CONFIG Starting address: CYDEV_CLK_ILO_CONFIG */
 178:Generated_Source\PSoC4/cyfitter_cfg.c **** 	CY_SET_REG32((void *)(CYREG_CLK_ILO_CONFIG), 0x80000006u);
 179:Generated_Source\PSoC4/cyfitter_cfg.c **** 
 180:Generated_Source\PSoC4/cyfitter_cfg.c **** 
 181:Generated_Source\PSoC4/cyfitter_cfg.c **** 	/* Setup phase aligned clocks */
 182:Generated_Source\PSoC4/cyfitter_cfg.c **** 	CY_SET_REG32((void *)CYREG_PERI_DIV_16_CTL1, 0x00000000u);
 183:Generated_Source\PSoC4/cyfitter_cfg.c **** 	CY_SET_REG32((void *)CYREG_PERI_DIV_CMD, 0x8000FF41u);
 184:Generated_Source\PSoC4/cyfitter_cfg.c **** 	CY_SET_REG32((void *)CYREG_PERI_DIV_16_CTL0, 0x00000000u);
 185:Generated_Source\PSoC4/cyfitter_cfg.c **** 	CY_SET_REG32((void *)CYREG_PERI_DIV_CMD, 0x8000FF40u);
 186:Generated_Source\PSoC4/cyfitter_cfg.c **** 
 187:Generated_Source\PSoC4/cyfitter_cfg.c **** 	/* CYDEV_CLK_IMO_CONFIG Starting address: CYDEV_CLK_IMO_CONFIG */
 188:Generated_Source\PSoC4/cyfitter_cfg.c **** 	CY_SET_REG32((void *)(CYREG_CLK_IMO_CONFIG), 0x80000000u);
 189:Generated_Source\PSoC4/cyfitter_cfg.c **** 
 190:Generated_Source\PSoC4/cyfitter_cfg.c **** 	/* CYDEV_CLK_SELECT Starting address: CYDEV_CLK_SELECT */
 191:Generated_Source\PSoC4/cyfitter_cfg.c **** 	CY_SET_REG32((void *)(CYREG_CLK_SELECT), 0x00040000u);
 192:Generated_Source\PSoC4/cyfitter_cfg.c **** 
 193:Generated_Source\PSoC4/cyfitter_cfg.c **** 	(void)CyIntSetVector(7u, &CySysWdtIsr);
 194:Generated_Source\PSoC4/cyfitter_cfg.c **** 	CyIntEnable(7u);
 195:Generated_Source\PSoC4/cyfitter_cfg.c **** 	CY_SET_REG32((void *)(CYREG_WDT_CONFIG), 0x00000000u);
 196:Generated_Source\PSoC4/cyfitter_cfg.c **** }
 197:Generated_Source\PSoC4/cyfitter_cfg.c **** 
 198:Generated_Source\PSoC4/cyfitter_cfg.c **** 
 199:Generated_Source\PSoC4/cyfitter_cfg.c **** /* Analog API Functions */
 200:Generated_Source\PSoC4/cyfitter_cfg.c **** 
 201:Generated_Source\PSoC4/cyfitter_cfg.c **** 
 202:Generated_Source\PSoC4/cyfitter_cfg.c **** /*******************************************************************************
ARM GAS  C:\Users\Melody\AppData\Local\Temp\ccPkIRrk.s 			page 5


 203:Generated_Source\PSoC4/cyfitter_cfg.c **** * Function Name: AnalogSetDefault
 204:Generated_Source\PSoC4/cyfitter_cfg.c **** ********************************************************************************
 205:Generated_Source\PSoC4/cyfitter_cfg.c **** *
 206:Generated_Source\PSoC4/cyfitter_cfg.c **** * Summary:
 207:Generated_Source\PSoC4/cyfitter_cfg.c **** *  Sets up the analog portions of the chip to default values based on chip
 208:Generated_Source\PSoC4/cyfitter_cfg.c **** *  configuration options from the project.
 209:Generated_Source\PSoC4/cyfitter_cfg.c **** *
 210:Generated_Source\PSoC4/cyfitter_cfg.c **** * Parameters:
 211:Generated_Source\PSoC4/cyfitter_cfg.c **** *  void
 212:Generated_Source\PSoC4/cyfitter_cfg.c **** *
 213:Generated_Source\PSoC4/cyfitter_cfg.c **** * Return:
 214:Generated_Source\PSoC4/cyfitter_cfg.c **** *  void
 215:Generated_Source\PSoC4/cyfitter_cfg.c **** *
 216:Generated_Source\PSoC4/cyfitter_cfg.c **** *******************************************************************************/
 217:Generated_Source\PSoC4/cyfitter_cfg.c **** static void AnalogSetDefault(void);
 218:Generated_Source\PSoC4/cyfitter_cfg.c **** static void AnalogSetDefault(void)
 219:Generated_Source\PSoC4/cyfitter_cfg.c **** {
  27              		.loc 1 219 0
  28              		.cfi_startproc
  29              		@ args = 0, pretend = 0, frame = 0
  30              		@ frame_needed = 0, uses_anonymous_args = 0
  31              		@ link register save eliminated.
 220:Generated_Source\PSoC4/cyfitter_cfg.c **** 	CY_SET_XTND_REG32((void CYFAR *)CYREG_CTBM0_DFT_CTRL, 0x00000003u);
  32              		.loc 1 220 0
  33 0000 0323     		movs	r3, #3
  34 0002 044A     		ldr	r2, .L2
  35 0004 1360     		str	r3, [r2]
 221:Generated_Source\PSoC4/cyfitter_cfg.c **** 	CY_SET_XTND_REG32((void CYFAR *)CYREG_CTBM1_DFT_CTRL, 0x00000003u);
  36              		.loc 1 221 0
  37 0006 044A     		ldr	r2, .L2+4
  38 0008 1360     		str	r3, [r2]
 222:Generated_Source\PSoC4/cyfitter_cfg.c **** 	CY_SET_XTND_REG32((void CYFAR *)CYREG_PASS_DSAB_DSAB_CTRL, 0x00000000u);
  39              		.loc 1 222 0
  40 000a 0022     		movs	r2, #0
  41 000c 034B     		ldr	r3, .L2+8
  42 000e 1A60     		str	r2, [r3]
 223:Generated_Source\PSoC4/cyfitter_cfg.c **** }
  43              		.loc 1 223 0
  44              		@ sp needed
  45 0010 7047     		bx	lr
  46              	.L3:
  47 0012 C046     		.align	2
  48              	.L2:
  49 0014 30003040 		.word	1076887600
  50 0018 30003140 		.word	1076953136
  51 001c 000E3F40 		.word	1077874176
  52              		.cfi_endproc
  53              	.LFE5:
  54              		.size	AnalogSetDefault, .-AnalogSetDefault
  55              		.section	.text.CYMEMZERO,"ax",%progbits
  56              		.align	2
  57              		.code	16
  58              		.thumb_func
  59              		.type	CYMEMZERO, %function
  60              	CYMEMZERO:
  61              	.LFB1:
  77:Generated_Source\PSoC4/cyfitter_cfg.c **** 	(void)memset(s, 0, n);
ARM GAS  C:\Users\Melody\AppData\Local\Temp\ccPkIRrk.s 			page 6


  62              		.loc 1 77 0
  63              		.cfi_startproc
  64              		@ args = 0, pretend = 0, frame = 0
  65              		@ frame_needed = 0, uses_anonymous_args = 0
  66              	.LVL0:
  67 0000 10B5     		push	{r4, lr}
  68              		.cfi_def_cfa_offset 8
  69              		.cfi_offset 4, -8
  70              		.cfi_offset 14, -4
  71 0002 0A00     		movs	r2, r1
  78:Generated_Source\PSoC4/cyfitter_cfg.c **** }
  72              		.loc 1 78 0
  73 0004 0021     		movs	r1, #0
  74              	.LVL1:
  75 0006 FFF7FEFF 		bl	memset
  76              	.LVL2:
  79:Generated_Source\PSoC4/cyfitter_cfg.c **** CY_CFG_UNUSED
  77              		.loc 1 79 0
  78              		@ sp needed
  79 000a 10BD     		pop	{r4, pc}
  80              		.cfi_endproc
  81              	.LFE1:
  82              		.size	CYMEMZERO, .-CYMEMZERO
  83              		.section	.psocinit,"ax",%progbits
  84              		.align	2
  85              		.code	16
  86              		.thumb_func
  87              		.type	ClockSetup, %function
  88              	ClockSetup:
  89              	.LFB4:
 171:Generated_Source\PSoC4/cyfitter_cfg.c **** 
  90              		.loc 1 171 0
  91              		.cfi_startproc
  92              		@ args = 0, pretend = 0, frame = 0
  93              		@ frame_needed = 0, uses_anonymous_args = 0
  94 0000 10B5     		push	{r4, lr}
  95              		.cfi_def_cfa_offset 8
  96              		.cfi_offset 4, -8
  97              		.cfi_offset 14, -4
 174:Generated_Source\PSoC4/cyfitter_cfg.c **** 	/* Setup and trim IMO based on desired frequency. */
  98              		.loc 1 174 0
  99 0002 1222     		movs	r2, #18
 100 0004 114B     		ldr	r3, .L6
 101 0006 1A60     		str	r2, [r3]
 176:Generated_Source\PSoC4/cyfitter_cfg.c **** 	/* CYDEV_CLK_ILO_CONFIG Starting address: CYDEV_CLK_ILO_CONFIG */
 102              		.loc 1 176 0
 103 0008 3020     		movs	r0, #48
 104 000a FFF7FEFF 		bl	CySysClkWriteImoFreq
 105              	.LVL3:
 178:Generated_Source\PSoC4/cyfitter_cfg.c **** 
 106              		.loc 1 178 0
 107 000e 104A     		ldr	r2, .L6+4
 108 0010 104B     		ldr	r3, .L6+8
 109 0012 1A60     		str	r2, [r3]
 182:Generated_Source\PSoC4/cyfitter_cfg.c **** 	CY_SET_REG32((void *)CYREG_PERI_DIV_CMD, 0x8000FF41u);
 110              		.loc 1 182 0
 111 0014 0024     		movs	r4, #0
ARM GAS  C:\Users\Melody\AppData\Local\Temp\ccPkIRrk.s 			page 7


 112 0016 104B     		ldr	r3, .L6+12
 113 0018 1C60     		str	r4, [r3]
 183:Generated_Source\PSoC4/cyfitter_cfg.c **** 	CY_SET_REG32((void *)CYREG_PERI_DIV_16_CTL0, 0x00000000u);
 114              		.loc 1 183 0
 115 001a 104B     		ldr	r3, .L6+16
 116 001c 104A     		ldr	r2, .L6+20
 117 001e 1A60     		str	r2, [r3]
 184:Generated_Source\PSoC4/cyfitter_cfg.c **** 	CY_SET_REG32((void *)CYREG_PERI_DIV_CMD, 0x8000FF40u);
 118              		.loc 1 184 0
 119 0020 104A     		ldr	r2, .L6+24
 120 0022 1460     		str	r4, [r2]
 185:Generated_Source\PSoC4/cyfitter_cfg.c **** 
 121              		.loc 1 185 0
 122 0024 104A     		ldr	r2, .L6+28
 123 0026 1A60     		str	r2, [r3]
 188:Generated_Source\PSoC4/cyfitter_cfg.c **** 
 124              		.loc 1 188 0
 125 0028 8022     		movs	r2, #128
 126 002a 1206     		lsls	r2, r2, #24
 127 002c 0F4B     		ldr	r3, .L6+32
 128 002e 1A60     		str	r2, [r3]
 191:Generated_Source\PSoC4/cyfitter_cfg.c **** 
 129              		.loc 1 191 0
 130 0030 8022     		movs	r2, #128
 131 0032 D202     		lsls	r2, r2, #11
 132 0034 0E4B     		ldr	r3, .L6+36
 133 0036 1A60     		str	r2, [r3]
 193:Generated_Source\PSoC4/cyfitter_cfg.c **** 	CyIntEnable(7u);
 134              		.loc 1 193 0
 135 0038 0E49     		ldr	r1, .L6+40
 136 003a 0720     		movs	r0, #7
 137 003c FFF7FEFF 		bl	CyIntSetVector
 138              	.LVL4:
 194:Generated_Source\PSoC4/cyfitter_cfg.c **** 	CY_SET_REG32((void *)(CYREG_WDT_CONFIG), 0x00000000u);
 139              		.loc 1 194 0
 140 0040 0720     		movs	r0, #7
 141 0042 FFF7FEFF 		bl	CyIntEnable
 142              	.LVL5:
 195:Generated_Source\PSoC4/cyfitter_cfg.c **** }
 143              		.loc 1 195 0
 144 0046 0C4B     		ldr	r3, .L6+44
 145 0048 1C60     		str	r4, [r3]
 196:Generated_Source\PSoC4/cyfitter_cfg.c **** 
 146              		.loc 1 196 0
 147              		@ sp needed
 148 004a 10BD     		pop	{r4, pc}
 149              	.L7:
 150              		.align	2
 151              	.L6:
 152 004c 30001040 		.word	1074790448
 153 0050 06000080 		.word	-2147483642
 154 0054 04010B40 		.word	1074462980
 155 0058 04030140 		.word	1073808132
 156 005c 00000140 		.word	1073807360
 157 0060 41FF0080 		.word	-2147418303
 158 0064 00030140 		.word	1073808128
 159 0068 40FF0080 		.word	-2147418304
ARM GAS  C:\Users\Melody\AppData\Local\Temp\ccPkIRrk.s 			page 8


 160 006c 08010B40 		.word	1074462984
 161 0070 00010B40 		.word	1074462976
 162 0074 00000000 		.word	CySysWdtIsr
 163 0078 0C020B40 		.word	1074463244
 164              		.cfi_endproc
 165              	.LFE4:
 166              		.size	ClockSetup, .-ClockSetup
 167              		.align	2
 168              		.global	cyfitter_cfg
 169              		.code	16
 170              		.thumb_func
 171              		.type	cyfitter_cfg, %function
 172              	cyfitter_cfg:
 173              	.LFB6:
 224:Generated_Source\PSoC4/cyfitter_cfg.c **** 
 225:Generated_Source\PSoC4/cyfitter_cfg.c **** 
 226:Generated_Source\PSoC4/cyfitter_cfg.c **** 
 227:Generated_Source\PSoC4/cyfitter_cfg.c **** 
 228:Generated_Source\PSoC4/cyfitter_cfg.c **** /*******************************************************************************
 229:Generated_Source\PSoC4/cyfitter_cfg.c **** * Function Name: cyfitter_cfg
 230:Generated_Source\PSoC4/cyfitter_cfg.c **** ********************************************************************************
 231:Generated_Source\PSoC4/cyfitter_cfg.c **** * Summary:
 232:Generated_Source\PSoC4/cyfitter_cfg.c **** *  This function is called by the start-up code for the selected device. It
 233:Generated_Source\PSoC4/cyfitter_cfg.c **** *  performs all of the necessary device configuration based on the design
 234:Generated_Source\PSoC4/cyfitter_cfg.c **** *  settings.  This includes settings from the Design Wide Resources (DWR) such
 235:Generated_Source\PSoC4/cyfitter_cfg.c **** *  as Clocks and Pins as well as any component configuration that is necessary.
 236:Generated_Source\PSoC4/cyfitter_cfg.c **** *
 237:Generated_Source\PSoC4/cyfitter_cfg.c **** * Parameters:
 238:Generated_Source\PSoC4/cyfitter_cfg.c **** *   void
 239:Generated_Source\PSoC4/cyfitter_cfg.c **** *
 240:Generated_Source\PSoC4/cyfitter_cfg.c **** * Return:
 241:Generated_Source\PSoC4/cyfitter_cfg.c **** *   void
 242:Generated_Source\PSoC4/cyfitter_cfg.c **** *
 243:Generated_Source\PSoC4/cyfitter_cfg.c **** *******************************************************************************/
 244:Generated_Source\PSoC4/cyfitter_cfg.c **** CY_CFG_SECTION
 245:Generated_Source\PSoC4/cyfitter_cfg.c **** void cyfitter_cfg(void)
 246:Generated_Source\PSoC4/cyfitter_cfg.c **** {
 174              		.loc 1 246 0
 175              		.cfi_startproc
 176              		@ args = 0, pretend = 0, frame = 0
 177              		@ frame_needed = 0, uses_anonymous_args = 0
 178 007c 10B5     		push	{r4, lr}
 179              		.cfi_def_cfa_offset 8
 180              		.cfi_offset 4, -8
 181              		.cfi_offset 14, -4
 247:Generated_Source\PSoC4/cyfitter_cfg.c **** 	/* Disable interrupts by default. Let user enable if/when they want. */
 248:Generated_Source\PSoC4/cyfitter_cfg.c **** 	CyGlobalIntDisable;
 182              		.loc 1 248 0
 183              		.syntax divided
 184              	@ 248 "Generated_Source\PSoC4\cyfitter_cfg.c" 1
 185 007e 72B6     		CPSID   i
 186              	@ 0 "" 2
 187              	.LVL6:
 188              		.thumb
 189              		.syntax unified
 190              	.LBB2:
 249:Generated_Source\PSoC4/cyfitter_cfg.c **** 
ARM GAS  C:\Users\Melody\AppData\Local\Temp\ccPkIRrk.s 			page 9


 250:Generated_Source\PSoC4/cyfitter_cfg.c **** 	{
 251:Generated_Source\PSoC4/cyfitter_cfg.c **** 
 252:Generated_Source\PSoC4/cyfitter_cfg.c **** 		CYPACKED typedef struct {
 253:Generated_Source\PSoC4/cyfitter_cfg.c **** 			void CYFAR *address;
 254:Generated_Source\PSoC4/cyfitter_cfg.c **** 			uint16 size;
 255:Generated_Source\PSoC4/cyfitter_cfg.c **** 		} CYPACKED_ATTR cfg_memset_t;
 256:Generated_Source\PSoC4/cyfitter_cfg.c **** 
 257:Generated_Source\PSoC4/cyfitter_cfg.c **** 		static const cfg_memset_t CYCODE cfg_memset_list[] = {
 258:Generated_Source\PSoC4/cyfitter_cfg.c **** 			/* address, size */
 259:Generated_Source\PSoC4/cyfitter_cfg.c **** 			{(void CYFAR *)(CYDEV_UDB_P0_U0_BASE), 1024u},
 260:Generated_Source\PSoC4/cyfitter_cfg.c **** 			{(void CYFAR *)(CYDEV_UDB_DSI0_BASE), 1024u},
 261:Generated_Source\PSoC4/cyfitter_cfg.c **** 		};
 262:Generated_Source\PSoC4/cyfitter_cfg.c **** 
 263:Generated_Source\PSoC4/cyfitter_cfg.c **** 		uint8 CYDATA i;
 264:Generated_Source\PSoC4/cyfitter_cfg.c **** 
 265:Generated_Source\PSoC4/cyfitter_cfg.c **** 		/* Zero out critical memory blocks before beginning configuration */
 266:Generated_Source\PSoC4/cyfitter_cfg.c **** 		for (i = 0u; i < (sizeof(cfg_memset_list)/sizeof(cfg_memset_list[0])); i++)
 191              		.loc 1 266 0
 192 0080 0024     		movs	r4, #0
 193 0082 0FE0     		b	.L9
 194              	.LVL7:
 195              	.L10:
 196              	.LBB3:
 267:Generated_Source\PSoC4/cyfitter_cfg.c **** 		{
 268:Generated_Source\PSoC4/cyfitter_cfg.c **** 			const cfg_memset_t CYCODE * CYDATA ms = &cfg_memset_list[i];
 269:Generated_Source\PSoC4/cyfitter_cfg.c **** 			CYMEMZERO(ms->address, (size_t)(uint32)(ms->size));
 197              		.loc 1 269 0 discriminator 3
 198 0084 1C48     		ldr	r0, .L11
 199 0086 6200     		lsls	r2, r4, #1
 200 0088 1319     		adds	r3, r2, r4
 201 008a 5900     		lsls	r1, r3, #1
 202 008c 0B00     		movs	r3, r1
 203 008e 4118     		adds	r1, r0, r1
 204 0090 8988     		ldrh	r1, [r1, #4]
 205 0092 1A5A     		ldrh	r2, [r3, r0]
 206 0094 C318     		adds	r3, r0, r3
 207 0096 5888     		ldrh	r0, [r3, #2]
 208 0098 0004     		lsls	r0, r0, #16
 209 009a 1043     		orrs	r0, r2
 210 009c FFF7FEFF 		bl	CYMEMZERO
 211              	.LVL8:
 212              	.LBE3:
 266:Generated_Source\PSoC4/cyfitter_cfg.c **** 		{
 213              		.loc 1 266 0 discriminator 3
 214 00a0 0134     		adds	r4, r4, #1
 215              	.LVL9:
 216 00a2 E4B2     		uxtb	r4, r4
 217              	.LVL10:
 218              	.L9:
 266:Generated_Source\PSoC4/cyfitter_cfg.c **** 		{
 219              		.loc 1 266 0 is_stmt 0 discriminator 1
 220 00a4 012C     		cmp	r4, #1
 221 00a6 EDD9     		bls	.L10
 270:Generated_Source\PSoC4/cyfitter_cfg.c **** 		}
 271:Generated_Source\PSoC4/cyfitter_cfg.c **** 
 272:Generated_Source\PSoC4/cyfitter_cfg.c **** 		/* HSIOM Starting address: CYDEV_HSIOM_BASE */
 273:Generated_Source\PSoC4/cyfitter_cfg.c **** 		CY_SET_REG32((void *)(CYREG_HSIOM_PORT_SEL3), 0x0000EE00u);
ARM GAS  C:\Users\Melody\AppData\Local\Temp\ccPkIRrk.s 			page 10


 222              		.loc 1 273 0 is_stmt 1
 223 00a8 EE22     		movs	r2, #238
 224 00aa 1202     		lsls	r2, r2, #8
 225 00ac 134B     		ldr	r3, .L11+4
 226 00ae 1A60     		str	r2, [r3]
 274:Generated_Source\PSoC4/cyfitter_cfg.c **** 		CY_SET_REG32((void *)(CYREG_HSIOM_PORT_SEL4), 0x0AA000AAu);
 227              		.loc 1 274 0
 228 00b0 134A     		ldr	r2, .L11+8
 229 00b2 144B     		ldr	r3, .L11+12
 230 00b4 1A60     		str	r2, [r3]
 275:Generated_Source\PSoC4/cyfitter_cfg.c **** 
 276:Generated_Source\PSoC4/cyfitter_cfg.c **** 		/* UDB_PA_2 Starting address: CYDEV_UDB_PA2_BASE */
 277:Generated_Source\PSoC4/cyfitter_cfg.c **** 		CY_SET_REG32((void *)(CYDEV_UDB_PA2_BASE), 0x00990000u);
 231              		.loc 1 277 0
 232 00b6 9923     		movs	r3, #153
 233 00b8 1B04     		lsls	r3, r3, #16
 234 00ba 134A     		ldr	r2, .L11+16
 235 00bc 1360     		str	r3, [r2]
 278:Generated_Source\PSoC4/cyfitter_cfg.c **** 
 279:Generated_Source\PSoC4/cyfitter_cfg.c **** 		/* UDB_PA_3 Starting address: CYDEV_UDB_PA3_BASE */
 280:Generated_Source\PSoC4/cyfitter_cfg.c **** 		CY_SET_REG32((void *)(CYDEV_UDB_PA3_BASE), 0x00990000u);
 236              		.loc 1 280 0
 237 00be 134A     		ldr	r2, .L11+20
 238 00c0 1360     		str	r3, [r2]
 281:Generated_Source\PSoC4/cyfitter_cfg.c **** 
 282:Generated_Source\PSoC4/cyfitter_cfg.c **** 		/* Enable digital routing */
 283:Generated_Source\PSoC4/cyfitter_cfg.c **** 		CY_SET_XTND_REG8((void *)CYREG_UDB_UDBIF_BANK_CTL, (uint8)(CY_GET_XTND_REG8((void *)CYREG_UDB_UDB
 239              		.loc 1 283 0
 240 00c2 134A     		ldr	r2, .L11+24
 241 00c4 1178     		ldrb	r1, [r2]
 242 00c6 0623     		movs	r3, #6
 243 00c8 0B43     		orrs	r3, r1
 244 00ca DBB2     		uxtb	r3, r3
 245 00cc 1370     		strb	r3, [r2]
 246              	.LBE2:
 284:Generated_Source\PSoC4/cyfitter_cfg.c **** 	}
 285:Generated_Source\PSoC4/cyfitter_cfg.c **** 
 286:Generated_Source\PSoC4/cyfitter_cfg.c **** 	/* Perform second pass device configuration. These items must be configured in specific order afte
 287:Generated_Source\PSoC4/cyfitter_cfg.c **** 	/* IOPINS0_2 Starting address: CYDEV_GPIO_PRT2_BASE */
 288:Generated_Source\PSoC4/cyfitter_cfg.c **** 	CY_SET_REG32((void *)(CYREG_GPIO_PRT2_PC), 0x00006DB6u);
 247              		.loc 1 288 0
 248 00ce 114A     		ldr	r2, .L11+28
 249 00d0 114B     		ldr	r3, .L11+32
 250 00d2 1A60     		str	r2, [r3]
 289:Generated_Source\PSoC4/cyfitter_cfg.c **** 
 290:Generated_Source\PSoC4/cyfitter_cfg.c **** 	/* IOPINS0_3 Starting address: CYDEV_GPIO_PRT3_BASE */
 291:Generated_Source\PSoC4/cyfitter_cfg.c **** 	CY_SET_REG32((void *)(CYREG_GPIO_PRT3_PC), 0x00000D89u);
 251              		.loc 1 291 0
 252 00d4 114A     		ldr	r2, .L11+36
 253 00d6 124B     		ldr	r3, .L11+40
 254 00d8 1A60     		str	r2, [r3]
 292:Generated_Source\PSoC4/cyfitter_cfg.c **** 
 293:Generated_Source\PSoC4/cyfitter_cfg.c **** 	/* IOPINS0_4 Starting address: CYDEV_GPIO_PRT4_BASE */
 294:Generated_Source\PSoC4/cyfitter_cfg.c **** 	CY_SET_REG32((void *)(CYDEV_GPIO_PRT4_BASE), 0x00000042u);
 255              		.loc 1 294 0
 256 00da 4222     		movs	r2, #66
 257 00dc 114B     		ldr	r3, .L11+44
ARM GAS  C:\Users\Melody\AppData\Local\Temp\ccPkIRrk.s 			page 11


 258 00de 1A60     		str	r2, [r3]
 295:Generated_Source\PSoC4/cyfitter_cfg.c **** 	CY_SET_REG32((void *)(CYREG_GPIO_PRT4_PC), 0x00188031u);
 259              		.loc 1 295 0
 260 00e0 114A     		ldr	r2, .L11+48
 261 00e2 124B     		ldr	r3, .L11+52
 262 00e4 1A60     		str	r2, [r3]
 296:Generated_Source\PSoC4/cyfitter_cfg.c **** 
 297:Generated_Source\PSoC4/cyfitter_cfg.c **** 	/* IOPINS0_6 Starting address: CYDEV_GPIO_PRT6_BASE */
 298:Generated_Source\PSoC4/cyfitter_cfg.c **** 	CY_SET_REG32((void *)(CYREG_GPIO_PRT6_PC), 0x00000030u);
 263              		.loc 1 298 0
 264 00e6 3022     		movs	r2, #48
 265 00e8 114B     		ldr	r3, .L11+56
 266 00ea 1A60     		str	r2, [r3]
 299:Generated_Source\PSoC4/cyfitter_cfg.c **** 
 300:Generated_Source\PSoC4/cyfitter_cfg.c **** 
 301:Generated_Source\PSoC4/cyfitter_cfg.c **** 	/* Setup clocks based on selections from Clock DWR */
 302:Generated_Source\PSoC4/cyfitter_cfg.c **** 	ClockSetup();
 267              		.loc 1 302 0
 268 00ec FFF788FF 		bl	ClockSetup
 269              	.LVL11:
 303:Generated_Source\PSoC4/cyfitter_cfg.c **** 
 304:Generated_Source\PSoC4/cyfitter_cfg.c **** 	/* Perform basic analog initialization to defaults */
 305:Generated_Source\PSoC4/cyfitter_cfg.c **** 	AnalogSetDefault();
 270              		.loc 1 305 0
 271 00f0 FFF7FEFF 		bl	AnalogSetDefault
 272              	.LVL12:
 306:Generated_Source\PSoC4/cyfitter_cfg.c **** 
 307:Generated_Source\PSoC4/cyfitter_cfg.c **** }
 273              		.loc 1 307 0
 274              		@ sp needed
 275              	.LVL13:
 276 00f4 10BD     		pop	{r4, pc}
 277              	.L12:
 278 00f6 C046     		.align	2
 279              	.L11:
 280 00f8 00000000 		.word	.LANCHOR0
 281 00fc 00030240 		.word	1073873664
 282 0100 AA00A00A 		.word	178258090
 283 0104 00040240 		.word	1073873920
 284 0108 20500F40 		.word	1074745376
 285 010c 30500F40 		.word	1074745392
 286 0110 00700F40 		.word	1074753536
 287 0114 B66D0000 		.word	28086
 288 0118 08020440 		.word	1074004488
 289 011c 890D0000 		.word	3465
 290 0120 08030440 		.word	1074004744
 291 0124 00040440 		.word	1074004992
 292 0128 31801800 		.word	1605681
 293 012c 08040440 		.word	1074005000
 294 0130 08060440 		.word	1074005512
 295              		.cfi_endproc
 296              	.LFE6:
 297              		.size	cyfitter_cfg, .-cyfitter_cfg
 298              		.section	.rodata
 299              		.align	2
 300              		.set	.LANCHOR0,. + 0
 301              		.type	cfg_memset_list.4888, %object
ARM GAS  C:\Users\Melody\AppData\Local\Temp\ccPkIRrk.s 			page 12


 302              		.size	cfg_memset_list.4888, 12
 303              	cfg_memset_list.4888:
 304 0000 00300F40 		.word	1074737152
 305 0004 0004     		.short	1024
 306 0006 00400F40 		.4byte	1074741248
 307 000a 0004     		.short	1024
 308              		.text
 309              	.Letext0:
 310              		.file 2 "c:\\program files (x86)\\cypress\\psoc creator\\4.4\\psoc creator\\import\\gnu\\arm\\5.4.
 311              		.file 3 "Generated_Source\\PSoC4\\cytypes.h"
 312              		.file 4 "Generated_Source\\PSoC4\\CyLib.h"
 313              		.section	.debug_info,"",%progbits
 314              	.Ldebug_info0:
 315 0000 90020000 		.4byte	0x290
 316 0004 0400     		.2byte	0x4
 317 0006 00000000 		.4byte	.Ldebug_abbrev0
 318 000a 04       		.byte	0x4
 319 000b 01       		.uleb128 0x1
 320 000c 6A010000 		.4byte	.LASF29
 321 0010 0C       		.byte	0xc
 322 0011 61020000 		.4byte	.LASF30
 323 0015 B5000000 		.4byte	.LASF31
 324 0019 00000000 		.4byte	.Ldebug_ranges0+0
 325 001d 00000000 		.4byte	0
 326 0021 00000000 		.4byte	.Ldebug_line0
 327 0025 02       		.uleb128 0x2
 328 0026 04       		.byte	0x4
 329 0027 05       		.byte	0x5
 330 0028 696E7400 		.ascii	"int\000"
 331 002c 03       		.uleb128 0x3
 332 002d 06000000 		.4byte	.LASF12
 333 0031 02       		.byte	0x2
 334 0032 D8       		.byte	0xd8
 335 0033 37000000 		.4byte	0x37
 336 0037 04       		.uleb128 0x4
 337 0038 04       		.byte	0x4
 338 0039 07       		.byte	0x7
 339 003a 31010000 		.4byte	.LASF0
 340 003e 04       		.uleb128 0x4
 341 003f 08       		.byte	0x8
 342 0040 05       		.byte	0x5
 343 0041 0E020000 		.4byte	.LASF1
 344 0045 04       		.uleb128 0x4
 345 0046 08       		.byte	0x8
 346 0047 04       		.byte	0x4
 347 0048 49020000 		.4byte	.LASF2
 348 004c 04       		.uleb128 0x4
 349 004d 01       		.byte	0x1
 350 004e 06       		.byte	0x6
 351 004f 55020000 		.4byte	.LASF3
 352 0053 04       		.uleb128 0x4
 353 0054 01       		.byte	0x1
 354 0055 08       		.byte	0x8
 355 0056 8D000000 		.4byte	.LASF4
 356 005a 04       		.uleb128 0x4
 357 005b 02       		.byte	0x2
 358 005c 05       		.byte	0x5
ARM GAS  C:\Users\Melody\AppData\Local\Temp\ccPkIRrk.s 			page 13


 359 005d 21020000 		.4byte	.LASF5
 360 0061 04       		.uleb128 0x4
 361 0062 02       		.byte	0x2
 362 0063 07       		.byte	0x7
 363 0064 48000000 		.4byte	.LASF6
 364 0068 04       		.uleb128 0x4
 365 0069 04       		.byte	0x4
 366 006a 05       		.byte	0x5
 367 006b 40020000 		.4byte	.LASF7
 368 006f 04       		.uleb128 0x4
 369 0070 04       		.byte	0x4
 370 0071 07       		.byte	0x7
 371 0072 6B000000 		.4byte	.LASF8
 372 0076 04       		.uleb128 0x4
 373 0077 08       		.byte	0x8
 374 0078 07       		.byte	0x7
 375 0079 53010000 		.4byte	.LASF9
 376 007d 04       		.uleb128 0x4
 377 007e 04       		.byte	0x4
 378 007f 07       		.byte	0x7
 379 0080 05020000 		.4byte	.LASF10
 380 0084 05       		.uleb128 0x5
 381 0085 04       		.byte	0x4
 382 0086 04       		.uleb128 0x4
 383 0087 01       		.byte	0x1
 384 0088 08       		.byte	0x8
 385 0089 1C020000 		.4byte	.LASF11
 386 008d 06       		.uleb128 0x6
 387 008e 7D000000 		.4byte	.LASF13
 388 0092 03       		.byte	0x3
 389 0093 FC01     		.2byte	0x1fc
 390 0095 53000000 		.4byte	0x53
 391 0099 06       		.uleb128 0x6
 392 009a 23010000 		.4byte	.LASF14
 393 009e 03       		.byte	0x3
 394 009f FD01     		.2byte	0x1fd
 395 00a1 61000000 		.4byte	0x61
 396 00a5 06       		.uleb128 0x6
 397 00a6 2A010000 		.4byte	.LASF15
 398 00aa 03       		.byte	0x3
 399 00ab FE01     		.2byte	0x1fe
 400 00ad 6F000000 		.4byte	0x6f
 401 00b1 04       		.uleb128 0x4
 402 00b2 04       		.byte	0x4
 403 00b3 04       		.byte	0x4
 404 00b4 5B000000 		.4byte	.LASF16
 405 00b8 04       		.uleb128 0x4
 406 00b9 08       		.byte	0x8
 407 00ba 04       		.byte	0x4
 408 00bb A2000000 		.4byte	.LASF17
 409 00bf 06       		.uleb128 0x6
 410 00c0 66000000 		.4byte	.LASF18
 411 00c4 03       		.byte	0x3
 412 00c5 A602     		.2byte	0x2a6
 413 00c7 CB000000 		.4byte	0xcb
 414 00cb 07       		.uleb128 0x7
 415 00cc 8D000000 		.4byte	0x8d
ARM GAS  C:\Users\Melody\AppData\Local\Temp\ccPkIRrk.s 			page 14


 416 00d0 06       		.uleb128 0x6
 417 00d1 00000000 		.4byte	.LASF19
 418 00d5 03       		.byte	0x3
 419 00d6 A802     		.2byte	0x2a8
 420 00d8 DC000000 		.4byte	0xdc
 421 00dc 07       		.uleb128 0x7
 422 00dd A5000000 		.4byte	0xa5
 423 00e1 08       		.uleb128 0x8
 424 00e2 0D000000 		.4byte	.LASF32
 425 00e6 01       		.byte	0x1
 426 00e7 DA       		.byte	0xda
 427 00e8 00000000 		.4byte	.LFB5
 428 00ec 20000000 		.4byte	.LFE5-.LFB5
 429 00f0 01       		.uleb128 0x1
 430 00f1 9C       		.byte	0x9c
 431 00f2 09       		.uleb128 0x9
 432 00f3 83000000 		.4byte	.LASF20
 433 00f7 01       		.byte	0x1
 434 00f8 4C       		.byte	0x4c
 435 00f9 00000000 		.4byte	.LFB1
 436 00fd 0C000000 		.4byte	.LFE1-.LFB1
 437 0101 01       		.uleb128 0x1
 438 0102 9C       		.byte	0x9c
 439 0103 3F010000 		.4byte	0x13f
 440 0107 0A       		.uleb128 0xa
 441 0108 7300     		.ascii	"s\000"
 442 010a 01       		.byte	0x1
 443 010b 4C       		.byte	0x4c
 444 010c 84000000 		.4byte	0x84
 445 0110 00000000 		.4byte	.LLST0
 446 0114 0A       		.uleb128 0xa
 447 0115 6E00     		.ascii	"n\000"
 448 0117 01       		.byte	0x1
 449 0118 4C       		.byte	0x4c
 450 0119 2C000000 		.4byte	0x2c
 451 011d 21000000 		.4byte	.LLST1
 452 0121 0B       		.uleb128 0xb
 453 0122 0A000000 		.4byte	.LVL2
 454 0126 69020000 		.4byte	0x269
 455 012a 0C       		.uleb128 0xc
 456 012b 01       		.uleb128 0x1
 457 012c 50       		.byte	0x50
 458 012d 03       		.uleb128 0x3
 459 012e F3       		.byte	0xf3
 460 012f 01       		.uleb128 0x1
 461 0130 50       		.byte	0x50
 462 0131 0C       		.uleb128 0xc
 463 0132 01       		.uleb128 0x1
 464 0133 51       		.byte	0x51
 465 0134 01       		.uleb128 0x1
 466 0135 30       		.byte	0x30
 467 0136 0C       		.uleb128 0xc
 468 0137 01       		.uleb128 0x1
 469 0138 52       		.byte	0x52
 470 0139 03       		.uleb128 0x3
 471 013a F3       		.byte	0xf3
 472 013b 01       		.uleb128 0x1
ARM GAS  C:\Users\Melody\AppData\Local\Temp\ccPkIRrk.s 			page 15


 473 013c 51       		.byte	0x51
 474 013d 00       		.byte	0
 475 013e 00       		.byte	0
 476 013f 09       		.uleb128 0x9
 477 0140 3D000000 		.4byte	.LASF21
 478 0144 01       		.byte	0x1
 479 0145 AA       		.byte	0xaa
 480 0146 00000000 		.4byte	.LFB4
 481 014a 7C000000 		.4byte	.LFE4-.LFB4
 482 014e 01       		.uleb128 0x1
 483 014f 9C       		.byte	0x9c
 484 0150 8B010000 		.4byte	0x18b
 485 0154 0D       		.uleb128 0xd
 486 0155 0E000000 		.4byte	.LVL3
 487 0159 72020000 		.4byte	0x272
 488 015d 68010000 		.4byte	0x168
 489 0161 0C       		.uleb128 0xc
 490 0162 01       		.uleb128 0x1
 491 0163 50       		.byte	0x50
 492 0164 02       		.uleb128 0x2
 493 0165 08       		.byte	0x8
 494 0166 30       		.byte	0x30
 495 0167 00       		.byte	0
 496 0168 0D       		.uleb128 0xd
 497 0169 40000000 		.4byte	.LVL4
 498 016d 7D020000 		.4byte	0x27d
 499 0171 7B010000 		.4byte	0x17b
 500 0175 0C       		.uleb128 0xc
 501 0176 01       		.uleb128 0x1
 502 0177 50       		.byte	0x50
 503 0178 01       		.uleb128 0x1
 504 0179 37       		.byte	0x37
 505 017a 00       		.byte	0
 506 017b 0B       		.uleb128 0xb
 507 017c 46000000 		.4byte	.LVL5
 508 0180 88020000 		.4byte	0x288
 509 0184 0C       		.uleb128 0xc
 510 0185 01       		.uleb128 0x1
 511 0186 50       		.byte	0x50
 512 0187 01       		.uleb128 0x1
 513 0188 37       		.byte	0x37
 514 0189 00       		.byte	0
 515 018a 00       		.byte	0
 516 018b 0E       		.uleb128 0xe
 517 018c 3E010000 		.4byte	.LASF33
 518 0190 01       		.byte	0x1
 519 0191 F5       		.byte	0xf5
 520 0192 7C000000 		.4byte	.LFB6
 521 0196 B8000000 		.4byte	.LFE6-.LFB6
 522 019a 01       		.uleb128 0x1
 523 019b 9C       		.byte	0x9c
 524 019c 69020000 		.4byte	0x269
 525 01a0 0F       		.uleb128 0xf
 526 01a1 80000000 		.4byte	.LBB2
 527 01a5 4E000000 		.4byte	.LBE2-.LBB2
 528 01a9 56020000 		.4byte	0x256
 529 01ad 10       		.uleb128 0x10
ARM GAS  C:\Users\Melody\AppData\Local\Temp\ccPkIRrk.s 			page 16


 530 01ae 06       		.byte	0x6
 531 01af 01       		.byte	0x1
 532 01b0 FC       		.byte	0xfc
 533 01b1 CE010000 		.4byte	0x1ce
 534 01b5 11       		.uleb128 0x11
 535 01b6 4B010000 		.4byte	.LASF22
 536 01ba 01       		.byte	0x1
 537 01bb FD       		.byte	0xfd
 538 01bc 84000000 		.4byte	0x84
 539 01c0 00       		.byte	0
 540 01c1 11       		.uleb128 0x11
 541 01c2 61000000 		.4byte	.LASF23
 542 01c6 01       		.byte	0x1
 543 01c7 FE       		.byte	0xfe
 544 01c8 99000000 		.4byte	0x99
 545 01cc 04       		.byte	0x4
 546 01cd 00       		.byte	0
 547 01ce 03       		.uleb128 0x3
 548 01cf F8010000 		.4byte	.LASF24
 549 01d3 01       		.byte	0x1
 550 01d4 FF       		.byte	0xff
 551 01d5 AD010000 		.4byte	0x1ad
 552 01d9 12       		.uleb128 0x12
 553 01da E9010000 		.4byte	0x1e9
 554 01de E9010000 		.4byte	0x1e9
 555 01e2 13       		.uleb128 0x13
 556 01e3 7D000000 		.4byte	0x7d
 557 01e7 01       		.byte	0x1
 558 01e8 00       		.byte	0
 559 01e9 14       		.uleb128 0x14
 560 01ea CE010000 		.4byte	0x1ce
 561 01ee 15       		.uleb128 0x15
 562 01ef 2D000000 		.4byte	.LASF25
 563 01f3 01       		.byte	0x1
 564 01f4 0101     		.2byte	0x101
 565 01f6 00020000 		.4byte	0x200
 566 01fa 05       		.uleb128 0x5
 567 01fb 03       		.byte	0x3
 568 01fc 00000000 		.4byte	cfg_memset_list.4888
 569 0200 14       		.uleb128 0x14
 570 0201 D9010000 		.4byte	0x1d9
 571 0205 16       		.uleb128 0x16
 572 0206 6900     		.ascii	"i\000"
 573 0208 01       		.byte	0x1
 574 0209 0701     		.2byte	0x107
 575 020b 8D000000 		.4byte	0x8d
 576 020f 4D000000 		.4byte	.LLST2
 577 0213 17       		.uleb128 0x17
 578 0214 84000000 		.4byte	.LBB3
 579 0218 1C000000 		.4byte	.LBE3-.LBB3
 580 021c 16       		.uleb128 0x16
 581 021d 6D7300   		.ascii	"ms\000"
 582 0220 01       		.byte	0x1
 583 0221 0C01     		.2byte	0x10c
 584 0223 2B020000 		.4byte	0x22b
 585 0227 77000000 		.4byte	.LLST3
 586 022b 18       		.uleb128 0x18
ARM GAS  C:\Users\Melody\AppData\Local\Temp\ccPkIRrk.s 			page 17


 587 022c 04       		.byte	0x4
 588 022d E9010000 		.4byte	0x1e9
 589 0231 0B       		.uleb128 0xb
 590 0232 A0000000 		.4byte	.LVL8
 591 0236 F2000000 		.4byte	0xf2
 592 023a 0C       		.uleb128 0xc
 593 023b 01       		.uleb128 0x1
 594 023c 51       		.byte	0x51
 595 023d 15       		.uleb128 0x15
 596 023e 74       		.byte	0x74
 597 023f 00       		.sleb128 0
 598 0240 31       		.byte	0x31
 599 0241 24       		.byte	0x24
 600 0242 74       		.byte	0x74
 601 0243 00       		.sleb128 0
 602 0244 22       		.byte	0x22
 603 0245 31       		.byte	0x31
 604 0246 24       		.byte	0x24
 605 0247 03       		.byte	0x3
 606 0248 04000000 		.4byte	.LANCHOR0+4
 607 024c 22       		.byte	0x22
 608 024d 94       		.byte	0x94
 609 024e 02       		.byte	0x2
 610 024f 0A       		.byte	0xa
 611 0250 FFFF     		.2byte	0xffff
 612 0252 1A       		.byte	0x1a
 613 0253 00       		.byte	0
 614 0254 00       		.byte	0
 615 0255 00       		.byte	0
 616 0256 19       		.uleb128 0x19
 617 0257 F0000000 		.4byte	.LVL11
 618 025b 3F010000 		.4byte	0x13f
 619 025f 19       		.uleb128 0x19
 620 0260 F4000000 		.4byte	.LVL12
 621 0264 E1000000 		.4byte	0xe1
 622 0268 00       		.byte	0
 623 0269 1A       		.uleb128 0x1a
 624 026a 9B000000 		.4byte	.LASF34
 625 026e 9B000000 		.4byte	.LASF34
 626 0272 1B       		.uleb128 0x1b
 627 0273 2B020000 		.4byte	.LASF26
 628 0277 2B020000 		.4byte	.LASF26
 629 027b 04       		.byte	0x4
 630 027c 6C       		.byte	0x6c
 631 027d 1B       		.uleb128 0x1b
 632 027e 1E000000 		.4byte	.LASF27
 633 0282 1E000000 		.4byte	.LASF27
 634 0286 04       		.byte	0x4
 635 0287 D0       		.byte	0xd0
 636 0288 1B       		.uleb128 0x1b
 637 0289 A9000000 		.4byte	.LASF28
 638 028d A9000000 		.4byte	.LASF28
 639 0291 04       		.byte	0x4
 640 0292 D6       		.byte	0xd6
 641 0293 00       		.byte	0
 642              		.section	.debug_abbrev,"",%progbits
 643              	.Ldebug_abbrev0:
ARM GAS  C:\Users\Melody\AppData\Local\Temp\ccPkIRrk.s 			page 18


 644 0000 01       		.uleb128 0x1
 645 0001 11       		.uleb128 0x11
 646 0002 01       		.byte	0x1
 647 0003 25       		.uleb128 0x25
 648 0004 0E       		.uleb128 0xe
 649 0005 13       		.uleb128 0x13
 650 0006 0B       		.uleb128 0xb
 651 0007 03       		.uleb128 0x3
 652 0008 0E       		.uleb128 0xe
 653 0009 1B       		.uleb128 0x1b
 654 000a 0E       		.uleb128 0xe
 655 000b 55       		.uleb128 0x55
 656 000c 17       		.uleb128 0x17
 657 000d 11       		.uleb128 0x11
 658 000e 01       		.uleb128 0x1
 659 000f 10       		.uleb128 0x10
 660 0010 17       		.uleb128 0x17
 661 0011 00       		.byte	0
 662 0012 00       		.byte	0
 663 0013 02       		.uleb128 0x2
 664 0014 24       		.uleb128 0x24
 665 0015 00       		.byte	0
 666 0016 0B       		.uleb128 0xb
 667 0017 0B       		.uleb128 0xb
 668 0018 3E       		.uleb128 0x3e
 669 0019 0B       		.uleb128 0xb
 670 001a 03       		.uleb128 0x3
 671 001b 08       		.uleb128 0x8
 672 001c 00       		.byte	0
 673 001d 00       		.byte	0
 674 001e 03       		.uleb128 0x3
 675 001f 16       		.uleb128 0x16
 676 0020 00       		.byte	0
 677 0021 03       		.uleb128 0x3
 678 0022 0E       		.uleb128 0xe
 679 0023 3A       		.uleb128 0x3a
 680 0024 0B       		.uleb128 0xb
 681 0025 3B       		.uleb128 0x3b
 682 0026 0B       		.uleb128 0xb
 683 0027 49       		.uleb128 0x49
 684 0028 13       		.uleb128 0x13
 685 0029 00       		.byte	0
 686 002a 00       		.byte	0
 687 002b 04       		.uleb128 0x4
 688 002c 24       		.uleb128 0x24
 689 002d 00       		.byte	0
 690 002e 0B       		.uleb128 0xb
 691 002f 0B       		.uleb128 0xb
 692 0030 3E       		.uleb128 0x3e
 693 0031 0B       		.uleb128 0xb
 694 0032 03       		.uleb128 0x3
 695 0033 0E       		.uleb128 0xe
 696 0034 00       		.byte	0
 697 0035 00       		.byte	0
 698 0036 05       		.uleb128 0x5
 699 0037 0F       		.uleb128 0xf
 700 0038 00       		.byte	0
ARM GAS  C:\Users\Melody\AppData\Local\Temp\ccPkIRrk.s 			page 19


 701 0039 0B       		.uleb128 0xb
 702 003a 0B       		.uleb128 0xb
 703 003b 00       		.byte	0
 704 003c 00       		.byte	0
 705 003d 06       		.uleb128 0x6
 706 003e 16       		.uleb128 0x16
 707 003f 00       		.byte	0
 708 0040 03       		.uleb128 0x3
 709 0041 0E       		.uleb128 0xe
 710 0042 3A       		.uleb128 0x3a
 711 0043 0B       		.uleb128 0xb
 712 0044 3B       		.uleb128 0x3b
 713 0045 05       		.uleb128 0x5
 714 0046 49       		.uleb128 0x49
 715 0047 13       		.uleb128 0x13
 716 0048 00       		.byte	0
 717 0049 00       		.byte	0
 718 004a 07       		.uleb128 0x7
 719 004b 35       		.uleb128 0x35
 720 004c 00       		.byte	0
 721 004d 49       		.uleb128 0x49
 722 004e 13       		.uleb128 0x13
 723 004f 00       		.byte	0
 724 0050 00       		.byte	0
 725 0051 08       		.uleb128 0x8
 726 0052 2E       		.uleb128 0x2e
 727 0053 00       		.byte	0
 728 0054 03       		.uleb128 0x3
 729 0055 0E       		.uleb128 0xe
 730 0056 3A       		.uleb128 0x3a
 731 0057 0B       		.uleb128 0xb
 732 0058 3B       		.uleb128 0x3b
 733 0059 0B       		.uleb128 0xb
 734 005a 27       		.uleb128 0x27
 735 005b 19       		.uleb128 0x19
 736 005c 11       		.uleb128 0x11
 737 005d 01       		.uleb128 0x1
 738 005e 12       		.uleb128 0x12
 739 005f 06       		.uleb128 0x6
 740 0060 40       		.uleb128 0x40
 741 0061 18       		.uleb128 0x18
 742 0062 9742     		.uleb128 0x2117
 743 0064 19       		.uleb128 0x19
 744 0065 00       		.byte	0
 745 0066 00       		.byte	0
 746 0067 09       		.uleb128 0x9
 747 0068 2E       		.uleb128 0x2e
 748 0069 01       		.byte	0x1
 749 006a 03       		.uleb128 0x3
 750 006b 0E       		.uleb128 0xe
 751 006c 3A       		.uleb128 0x3a
 752 006d 0B       		.uleb128 0xb
 753 006e 3B       		.uleb128 0x3b
 754 006f 0B       		.uleb128 0xb
 755 0070 27       		.uleb128 0x27
 756 0071 19       		.uleb128 0x19
 757 0072 11       		.uleb128 0x11
ARM GAS  C:\Users\Melody\AppData\Local\Temp\ccPkIRrk.s 			page 20


 758 0073 01       		.uleb128 0x1
 759 0074 12       		.uleb128 0x12
 760 0075 06       		.uleb128 0x6
 761 0076 40       		.uleb128 0x40
 762 0077 18       		.uleb128 0x18
 763 0078 9742     		.uleb128 0x2117
 764 007a 19       		.uleb128 0x19
 765 007b 01       		.uleb128 0x1
 766 007c 13       		.uleb128 0x13
 767 007d 00       		.byte	0
 768 007e 00       		.byte	0
 769 007f 0A       		.uleb128 0xa
 770 0080 05       		.uleb128 0x5
 771 0081 00       		.byte	0
 772 0082 03       		.uleb128 0x3
 773 0083 08       		.uleb128 0x8
 774 0084 3A       		.uleb128 0x3a
 775 0085 0B       		.uleb128 0xb
 776 0086 3B       		.uleb128 0x3b
 777 0087 0B       		.uleb128 0xb
 778 0088 49       		.uleb128 0x49
 779 0089 13       		.uleb128 0x13
 780 008a 02       		.uleb128 0x2
 781 008b 17       		.uleb128 0x17
 782 008c 00       		.byte	0
 783 008d 00       		.byte	0
 784 008e 0B       		.uleb128 0xb
 785 008f 898201   		.uleb128 0x4109
 786 0092 01       		.byte	0x1
 787 0093 11       		.uleb128 0x11
 788 0094 01       		.uleb128 0x1
 789 0095 31       		.uleb128 0x31
 790 0096 13       		.uleb128 0x13
 791 0097 00       		.byte	0
 792 0098 00       		.byte	0
 793 0099 0C       		.uleb128 0xc
 794 009a 8A8201   		.uleb128 0x410a
 795 009d 00       		.byte	0
 796 009e 02       		.uleb128 0x2
 797 009f 18       		.uleb128 0x18
 798 00a0 9142     		.uleb128 0x2111
 799 00a2 18       		.uleb128 0x18
 800 00a3 00       		.byte	0
 801 00a4 00       		.byte	0
 802 00a5 0D       		.uleb128 0xd
 803 00a6 898201   		.uleb128 0x4109
 804 00a9 01       		.byte	0x1
 805 00aa 11       		.uleb128 0x11
 806 00ab 01       		.uleb128 0x1
 807 00ac 31       		.uleb128 0x31
 808 00ad 13       		.uleb128 0x13
 809 00ae 01       		.uleb128 0x1
 810 00af 13       		.uleb128 0x13
 811 00b0 00       		.byte	0
 812 00b1 00       		.byte	0
 813 00b2 0E       		.uleb128 0xe
 814 00b3 2E       		.uleb128 0x2e
ARM GAS  C:\Users\Melody\AppData\Local\Temp\ccPkIRrk.s 			page 21


 815 00b4 01       		.byte	0x1
 816 00b5 3F       		.uleb128 0x3f
 817 00b6 19       		.uleb128 0x19
 818 00b7 03       		.uleb128 0x3
 819 00b8 0E       		.uleb128 0xe
 820 00b9 3A       		.uleb128 0x3a
 821 00ba 0B       		.uleb128 0xb
 822 00bb 3B       		.uleb128 0x3b
 823 00bc 0B       		.uleb128 0xb
 824 00bd 27       		.uleb128 0x27
 825 00be 19       		.uleb128 0x19
 826 00bf 11       		.uleb128 0x11
 827 00c0 01       		.uleb128 0x1
 828 00c1 12       		.uleb128 0x12
 829 00c2 06       		.uleb128 0x6
 830 00c3 40       		.uleb128 0x40
 831 00c4 18       		.uleb128 0x18
 832 00c5 9742     		.uleb128 0x2117
 833 00c7 19       		.uleb128 0x19
 834 00c8 01       		.uleb128 0x1
 835 00c9 13       		.uleb128 0x13
 836 00ca 00       		.byte	0
 837 00cb 00       		.byte	0
 838 00cc 0F       		.uleb128 0xf
 839 00cd 0B       		.uleb128 0xb
 840 00ce 01       		.byte	0x1
 841 00cf 11       		.uleb128 0x11
 842 00d0 01       		.uleb128 0x1
 843 00d1 12       		.uleb128 0x12
 844 00d2 06       		.uleb128 0x6
 845 00d3 01       		.uleb128 0x1
 846 00d4 13       		.uleb128 0x13
 847 00d5 00       		.byte	0
 848 00d6 00       		.byte	0
 849 00d7 10       		.uleb128 0x10
 850 00d8 13       		.uleb128 0x13
 851 00d9 01       		.byte	0x1
 852 00da 0B       		.uleb128 0xb
 853 00db 0B       		.uleb128 0xb
 854 00dc 3A       		.uleb128 0x3a
 855 00dd 0B       		.uleb128 0xb
 856 00de 3B       		.uleb128 0x3b
 857 00df 0B       		.uleb128 0xb
 858 00e0 01       		.uleb128 0x1
 859 00e1 13       		.uleb128 0x13
 860 00e2 00       		.byte	0
 861 00e3 00       		.byte	0
 862 00e4 11       		.uleb128 0x11
 863 00e5 0D       		.uleb128 0xd
 864 00e6 00       		.byte	0
 865 00e7 03       		.uleb128 0x3
 866 00e8 0E       		.uleb128 0xe
 867 00e9 3A       		.uleb128 0x3a
 868 00ea 0B       		.uleb128 0xb
 869 00eb 3B       		.uleb128 0x3b
 870 00ec 0B       		.uleb128 0xb
 871 00ed 49       		.uleb128 0x49
ARM GAS  C:\Users\Melody\AppData\Local\Temp\ccPkIRrk.s 			page 22


 872 00ee 13       		.uleb128 0x13
 873 00ef 38       		.uleb128 0x38
 874 00f0 0B       		.uleb128 0xb
 875 00f1 00       		.byte	0
 876 00f2 00       		.byte	0
 877 00f3 12       		.uleb128 0x12
 878 00f4 01       		.uleb128 0x1
 879 00f5 01       		.byte	0x1
 880 00f6 49       		.uleb128 0x49
 881 00f7 13       		.uleb128 0x13
 882 00f8 01       		.uleb128 0x1
 883 00f9 13       		.uleb128 0x13
 884 00fa 00       		.byte	0
 885 00fb 00       		.byte	0
 886 00fc 13       		.uleb128 0x13
 887 00fd 21       		.uleb128 0x21
 888 00fe 00       		.byte	0
 889 00ff 49       		.uleb128 0x49
 890 0100 13       		.uleb128 0x13
 891 0101 2F       		.uleb128 0x2f
 892 0102 0B       		.uleb128 0xb
 893 0103 00       		.byte	0
 894 0104 00       		.byte	0
 895 0105 14       		.uleb128 0x14
 896 0106 26       		.uleb128 0x26
 897 0107 00       		.byte	0
 898 0108 49       		.uleb128 0x49
 899 0109 13       		.uleb128 0x13
 900 010a 00       		.byte	0
 901 010b 00       		.byte	0
 902 010c 15       		.uleb128 0x15
 903 010d 34       		.uleb128 0x34
 904 010e 00       		.byte	0
 905 010f 03       		.uleb128 0x3
 906 0110 0E       		.uleb128 0xe
 907 0111 3A       		.uleb128 0x3a
 908 0112 0B       		.uleb128 0xb
 909 0113 3B       		.uleb128 0x3b
 910 0114 05       		.uleb128 0x5
 911 0115 49       		.uleb128 0x49
 912 0116 13       		.uleb128 0x13
 913 0117 02       		.uleb128 0x2
 914 0118 18       		.uleb128 0x18
 915 0119 00       		.byte	0
 916 011a 00       		.byte	0
 917 011b 16       		.uleb128 0x16
 918 011c 34       		.uleb128 0x34
 919 011d 00       		.byte	0
 920 011e 03       		.uleb128 0x3
 921 011f 08       		.uleb128 0x8
 922 0120 3A       		.uleb128 0x3a
 923 0121 0B       		.uleb128 0xb
 924 0122 3B       		.uleb128 0x3b
 925 0123 05       		.uleb128 0x5
 926 0124 49       		.uleb128 0x49
 927 0125 13       		.uleb128 0x13
 928 0126 02       		.uleb128 0x2
ARM GAS  C:\Users\Melody\AppData\Local\Temp\ccPkIRrk.s 			page 23


 929 0127 17       		.uleb128 0x17
 930 0128 00       		.byte	0
 931 0129 00       		.byte	0
 932 012a 17       		.uleb128 0x17
 933 012b 0B       		.uleb128 0xb
 934 012c 01       		.byte	0x1
 935 012d 11       		.uleb128 0x11
 936 012e 01       		.uleb128 0x1
 937 012f 12       		.uleb128 0x12
 938 0130 06       		.uleb128 0x6
 939 0131 00       		.byte	0
 940 0132 00       		.byte	0
 941 0133 18       		.uleb128 0x18
 942 0134 0F       		.uleb128 0xf
 943 0135 00       		.byte	0
 944 0136 0B       		.uleb128 0xb
 945 0137 0B       		.uleb128 0xb
 946 0138 49       		.uleb128 0x49
 947 0139 13       		.uleb128 0x13
 948 013a 00       		.byte	0
 949 013b 00       		.byte	0
 950 013c 19       		.uleb128 0x19
 951 013d 898201   		.uleb128 0x4109
 952 0140 00       		.byte	0
 953 0141 11       		.uleb128 0x11
 954 0142 01       		.uleb128 0x1
 955 0143 31       		.uleb128 0x31
 956 0144 13       		.uleb128 0x13
 957 0145 00       		.byte	0
 958 0146 00       		.byte	0
 959 0147 1A       		.uleb128 0x1a
 960 0148 2E       		.uleb128 0x2e
 961 0149 00       		.byte	0
 962 014a 3F       		.uleb128 0x3f
 963 014b 19       		.uleb128 0x19
 964 014c 3C       		.uleb128 0x3c
 965 014d 19       		.uleb128 0x19
 966 014e 6E       		.uleb128 0x6e
 967 014f 0E       		.uleb128 0xe
 968 0150 03       		.uleb128 0x3
 969 0151 0E       		.uleb128 0xe
 970 0152 00       		.byte	0
 971 0153 00       		.byte	0
 972 0154 1B       		.uleb128 0x1b
 973 0155 2E       		.uleb128 0x2e
 974 0156 00       		.byte	0
 975 0157 3F       		.uleb128 0x3f
 976 0158 19       		.uleb128 0x19
 977 0159 3C       		.uleb128 0x3c
 978 015a 19       		.uleb128 0x19
 979 015b 6E       		.uleb128 0x6e
 980 015c 0E       		.uleb128 0xe
 981 015d 03       		.uleb128 0x3
 982 015e 0E       		.uleb128 0xe
 983 015f 3A       		.uleb128 0x3a
 984 0160 0B       		.uleb128 0xb
 985 0161 3B       		.uleb128 0x3b
ARM GAS  C:\Users\Melody\AppData\Local\Temp\ccPkIRrk.s 			page 24


 986 0162 0B       		.uleb128 0xb
 987 0163 00       		.byte	0
 988 0164 00       		.byte	0
 989 0165 00       		.byte	0
 990              		.section	.debug_loc,"",%progbits
 991              	.Ldebug_loc0:
 992              	.LLST0:
 993 0000 00000000 		.4byte	.LVL0
 994 0004 09000000 		.4byte	.LVL2-1
 995 0008 0100     		.2byte	0x1
 996 000a 50       		.byte	0x50
 997 000b 09000000 		.4byte	.LVL2-1
 998 000f 0C000000 		.4byte	.LFE1
 999 0013 0400     		.2byte	0x4
 1000 0015 F3       		.byte	0xf3
 1001 0016 01       		.uleb128 0x1
 1002 0017 50       		.byte	0x50
 1003 0018 9F       		.byte	0x9f
 1004 0019 00000000 		.4byte	0
 1005 001d 00000000 		.4byte	0
 1006              	.LLST1:
 1007 0021 00000000 		.4byte	.LVL0
 1008 0025 06000000 		.4byte	.LVL1
 1009 0029 0100     		.2byte	0x1
 1010 002b 51       		.byte	0x51
 1011 002c 06000000 		.4byte	.LVL1
 1012 0030 09000000 		.4byte	.LVL2-1
 1013 0034 0100     		.2byte	0x1
 1014 0036 52       		.byte	0x52
 1015 0037 09000000 		.4byte	.LVL2-1
 1016 003b 0C000000 		.4byte	.LFE1
 1017 003f 0400     		.2byte	0x4
 1018 0041 F3       		.byte	0xf3
 1019 0042 01       		.uleb128 0x1
 1020 0043 51       		.byte	0x51
 1021 0044 9F       		.byte	0x9f
 1022 0045 00000000 		.4byte	0
 1023 0049 00000000 		.4byte	0
 1024              	.LLST2:
 1025 004d 80000000 		.4byte	.LVL6
 1026 0051 84000000 		.4byte	.LVL7
 1027 0055 0200     		.2byte	0x2
 1028 0057 30       		.byte	0x30
 1029 0058 9F       		.byte	0x9f
 1030 0059 84000000 		.4byte	.LVL7
 1031 005d A2000000 		.4byte	.LVL9
 1032 0061 0100     		.2byte	0x1
 1033 0063 54       		.byte	0x54
 1034 0064 A4000000 		.4byte	.LVL10
 1035 0068 F4000000 		.4byte	.LVL13
 1036 006c 0100     		.2byte	0x1
 1037 006e 54       		.byte	0x54
 1038 006f 00000000 		.4byte	0
 1039 0073 00000000 		.4byte	0
 1040              	.LLST3:
 1041 0077 84000000 		.4byte	.LVL7
 1042 007b A2000000 		.4byte	.LVL9
ARM GAS  C:\Users\Melody\AppData\Local\Temp\ccPkIRrk.s 			page 25


 1043 007f 0B00     		.2byte	0xb
 1044 0081 74       		.byte	0x74
 1045 0082 00       		.sleb128 0
 1046 0083 36       		.byte	0x36
 1047 0084 1E       		.byte	0x1e
 1048 0085 03       		.byte	0x3
 1049 0086 00000000 		.4byte	cfg_memset_list.4888
 1050 008a 22       		.byte	0x22
 1051 008b 9F       		.byte	0x9f
 1052 008c A2000000 		.4byte	.LVL9
 1053 0090 A4000000 		.4byte	.LVL10
 1054 0094 0B00     		.2byte	0xb
 1055 0096 74       		.byte	0x74
 1056 0097 7F       		.sleb128 -1
 1057 0098 36       		.byte	0x36
 1058 0099 1E       		.byte	0x1e
 1059 009a 03       		.byte	0x3
 1060 009b 00000000 		.4byte	cfg_memset_list.4888
 1061 009f 22       		.byte	0x22
 1062 00a0 9F       		.byte	0x9f
 1063 00a1 00000000 		.4byte	0
 1064 00a5 00000000 		.4byte	0
 1065              		.section	.debug_aranges,"",%progbits
 1066 0000 34000000 		.4byte	0x34
 1067 0004 0200     		.2byte	0x2
 1068 0006 00000000 		.4byte	.Ldebug_info0
 1069 000a 04       		.byte	0x4
 1070 000b 00       		.byte	0
 1071 000c 0000     		.2byte	0
 1072 000e 0000     		.2byte	0
 1073 0010 00000000 		.4byte	.LFB5
 1074 0014 20000000 		.4byte	.LFE5-.LFB5
 1075 0018 00000000 		.4byte	.LFB1
 1076 001c 0C000000 		.4byte	.LFE1-.LFB1
 1077 0020 00000000 		.4byte	.LFB4
 1078 0024 7C000000 		.4byte	.LFE4-.LFB4
 1079 0028 7C000000 		.4byte	.LFB6
 1080 002c B8000000 		.4byte	.LFE6-.LFB6
 1081 0030 00000000 		.4byte	0
 1082 0034 00000000 		.4byte	0
 1083              		.section	.debug_ranges,"",%progbits
 1084              	.Ldebug_ranges0:
 1085 0000 00000000 		.4byte	.LFB5
 1086 0004 20000000 		.4byte	.LFE5
 1087 0008 00000000 		.4byte	.LFB1
 1088 000c 0C000000 		.4byte	.LFE1
 1089 0010 00000000 		.4byte	.LFB4
 1090 0014 7C000000 		.4byte	.LFE4
 1091 0018 7C000000 		.4byte	.LFB6
 1092 001c 34010000 		.4byte	.LFE6
 1093 0020 00000000 		.4byte	0
 1094 0024 00000000 		.4byte	0
 1095              		.section	.debug_line,"",%progbits
 1096              	.Ldebug_line0:
 1097 0000 45010000 		.section	.debug_str,"MS",%progbits,1
 1097      0200D600 
 1097      00000201 
ARM GAS  C:\Users\Melody\AppData\Local\Temp\ccPkIRrk.s 			page 26


 1097      FB0E0D00 
 1097      01010101 
 1098              	.LASF19:
 1099 0000 72656733 		.ascii	"reg32\000"
 1099      3200
 1100              	.LASF12:
 1101 0006 73697A65 		.ascii	"size_t\000"
 1101      5F7400
 1102              	.LASF32:
 1103 000d 416E616C 		.ascii	"AnalogSetDefault\000"
 1103      6F675365 
 1103      74446566 
 1103      61756C74 
 1103      00
 1104              	.LASF27:
 1105 001e 4379496E 		.ascii	"CyIntSetVector\000"
 1105      74536574 
 1105      56656374 
 1105      6F7200
 1106              	.LASF25:
 1107 002d 6366675F 		.ascii	"cfg_memset_list\000"
 1107      6D656D73 
 1107      65745F6C 
 1107      69737400 
 1108              	.LASF21:
 1109 003d 436C6F63 		.ascii	"ClockSetup\000"
 1109      6B536574 
 1109      757000
 1110              	.LASF6:
 1111 0048 73686F72 		.ascii	"short unsigned int\000"
 1111      7420756E 
 1111      7369676E 
 1111      65642069 
 1111      6E7400
 1112              	.LASF16:
 1113 005b 666C6F61 		.ascii	"float\000"
 1113      7400
 1114              	.LASF23:
 1115 0061 73697A65 		.ascii	"size\000"
 1115      00
 1116              	.LASF18:
 1117 0066 72656738 		.ascii	"reg8\000"
 1117      00
 1118              	.LASF8:
 1119 006b 6C6F6E67 		.ascii	"long unsigned int\000"
 1119      20756E73 
 1119      69676E65 
 1119      6420696E 
 1119      7400
 1120              	.LASF13:
 1121 007d 75696E74 		.ascii	"uint8\000"
 1121      3800
 1122              	.LASF20:
 1123 0083 43594D45 		.ascii	"CYMEMZERO\000"
 1123      4D5A4552 
 1123      4F00
 1124              	.LASF4:
ARM GAS  C:\Users\Melody\AppData\Local\Temp\ccPkIRrk.s 			page 27


 1125 008d 756E7369 		.ascii	"unsigned char\000"
 1125      676E6564 
 1125      20636861 
 1125      7200
 1126              	.LASF34:
 1127 009b 6D656D73 		.ascii	"memset\000"
 1127      657400
 1128              	.LASF17:
 1129 00a2 646F7562 		.ascii	"double\000"
 1129      6C6500
 1130              	.LASF28:
 1131 00a9 4379496E 		.ascii	"CyIntEnable\000"
 1131      74456E61 
 1131      626C6500 
 1132              	.LASF31:
 1133 00b5 433A5C55 		.ascii	"C:\\Users\\Melody\\Desktop\\Programming Stuff\\FRUC"
 1133      73657273 
 1133      5C4D656C 
 1133      6F64795C 
 1133      4465736B 
 1134 00e3 445C4461 		.ascii	"D\\Dashboard-Firmware-FE9\\Dashboard-Firmware-FE9\\"
 1134      7368626F 
 1134      6172642D 
 1134      4669726D 
 1134      77617265 
 1135 0113 44617368 		.ascii	"Dashboard.cydsn\000"
 1135      626F6172 
 1135      642E6379 
 1135      64736E00 
 1136              	.LASF14:
 1137 0123 75696E74 		.ascii	"uint16\000"
 1137      313600
 1138              	.LASF15:
 1139 012a 75696E74 		.ascii	"uint32\000"
 1139      333200
 1140              	.LASF0:
 1141 0131 756E7369 		.ascii	"unsigned int\000"
 1141      676E6564 
 1141      20696E74 
 1141      00
 1142              	.LASF33:
 1143 013e 63796669 		.ascii	"cyfitter_cfg\000"
 1143      74746572 
 1143      5F636667 
 1143      00
 1144              	.LASF22:
 1145 014b 61646472 		.ascii	"address\000"
 1145      65737300 
 1146              	.LASF9:
 1147 0153 6C6F6E67 		.ascii	"long long unsigned int\000"
 1147      206C6F6E 
 1147      6720756E 
 1147      7369676E 
 1147      65642069 
 1148              	.LASF29:
 1149 016a 474E5520 		.ascii	"GNU C11 5.4.1 20160609 (release) [ARM/embedded-5-br"
 1149      43313120 
ARM GAS  C:\Users\Melody\AppData\Local\Temp\ccPkIRrk.s 			page 28


 1149      352E342E 
 1149      31203230 
 1149      31363036 
 1150 019d 616E6368 		.ascii	"anch revision 237715] -mcpu=cortex-m0 -mthumb -g -O"
 1150      20726576 
 1150      6973696F 
 1150      6E203233 
 1150      37373135 
 1151 01d0 67202D66 		.ascii	"g -ffunction-sections -ffat-lto-objects\000"
 1151      66756E63 
 1151      74696F6E 
 1151      2D736563 
 1151      74696F6E 
 1152              	.LASF24:
 1153 01f8 6366675F 		.ascii	"cfg_memset_t\000"
 1153      6D656D73 
 1153      65745F74 
 1153      00
 1154              	.LASF10:
 1155 0205 73697A65 		.ascii	"sizetype\000"
 1155      74797065 
 1155      00
 1156              	.LASF1:
 1157 020e 6C6F6E67 		.ascii	"long long int\000"
 1157      206C6F6E 
 1157      6720696E 
 1157      7400
 1158              	.LASF11:
 1159 021c 63686172 		.ascii	"char\000"
 1159      00
 1160              	.LASF5:
 1161 0221 73686F72 		.ascii	"short int\000"
 1161      7420696E 
 1161      7400
 1162              	.LASF26:
 1163 022b 43795379 		.ascii	"CySysClkWriteImoFreq\000"
 1163      73436C6B 
 1163      57726974 
 1163      65496D6F 
 1163      46726571 
 1164              	.LASF7:
 1165 0240 6C6F6E67 		.ascii	"long int\000"
 1165      20696E74 
 1165      00
 1166              	.LASF2:
 1167 0249 6C6F6E67 		.ascii	"long double\000"
 1167      20646F75 
 1167      626C6500 
 1168              	.LASF3:
 1169 0255 7369676E 		.ascii	"signed char\000"
 1169      65642063 
 1169      68617200 
 1170              	.LASF30:
 1171 0261 47656E65 		.ascii	"Generated_Source\\PSoC4\\cyfitter_cfg.c\000"
 1171      72617465 
 1171      645F536F 
 1171      75726365 
ARM GAS  C:\Users\Melody\AppData\Local\Temp\ccPkIRrk.s 			page 29


 1171      5C50536F 
 1172              		.ident	"GCC: (GNU Tools for ARM Embedded Processors) 5.4.1 20160609 (release) [ARM/embedded-5-bran
